\BOOKMARK [0][-]{section*.2}{LEMBAR PENGESAHAN}{}% 1
\BOOKMARK [0][-]{section*.4}{ABSTRAK}{}% 2
\BOOKMARK [0][-]{section*.4}{DAFTAR ISI}{}% 3
\BOOKMARK [0][-]{section*.4}{DAFTAR GAMBAR}{}% 4
\BOOKMARK [0][-]{section*.4}{DAFTAR TABEL}{}% 5
\BOOKMARK [0][-]{chapter.1}{I Pendahuluan}{}% 6
\BOOKMARK [1][-]{section.1.1}{1.1 Latar Belakang Masalah}{chapter.1}% 7
\BOOKMARK [1][-]{section.1.2}{1.2 Rumusan Masalah}{chapter.1}% 8
\BOOKMARK [1][-]{section.1.3}{1.3 Tujuan Penelitian}{chapter.1}% 9
\BOOKMARK [1][-]{section.1.4}{1.4 Batasan Masalah}{chapter.1}% 10
\BOOKMARK [1][-]{section.1.5}{1.5 Metodologi Penelitian}{chapter.1}% 11
\BOOKMARK [1][-]{section.1.6}{1.6 Jadwal Pelaksanaan}{chapter.1}% 12
\BOOKMARK [1][-]{section.1.7}{1.7 Sistematika Penulisan}{chapter.1}% 13
\BOOKMARK [0][-]{chapter.2}{II Konsep Dasar}{}% 14
\BOOKMARK [1][-]{section.2.1}{2.1 Low Density Parity Check \(LDPC\) Codes}{chapter.2}% 15
\BOOKMARK [2][-]{subsection.2.1.1}{2.1.1 Tanner Graph}{section.2.1}% 16
\BOOKMARK [2][-]{subsection.2.1.2}{2.1.2 Regular LDPC Codes}{section.2.1}% 17
\BOOKMARK [2][-]{subsection.2.1.3}{2.1.3 Irregular LDPC Codes}{section.2.1}% 18
\BOOKMARK [2][-]{subsection.2.1.4}{2.1.4 Quasi-Cyclic \(QC\) LDPC Codes}{section.2.1}% 19
\BOOKMARK [2][-]{subsection.2.1.5}{2.1.5 LDPC Staircase Codes}{section.2.1}% 20
\BOOKMARK [1][-]{section.2.2}{2.2 Standar LDPC Codes Digital Video Broadcasting \205 Second Generation Terrestrial \(DVB-T2\)}{chapter.2}% 21
\BOOKMARK [1][-]{section.2.3}{2.3 Pemodelan Kanal}{chapter.2}% 22
\BOOKMARK [2][-]{subsection.2.3.1}{2.3.1 Additive White Gaussian Noise \(AWGN\) Channel}{section.2.3}% 23
\BOOKMARK [2][-]{subsection.2.3.2}{2.3.2 Frequency Selective Fading Channel}{section.2.3}% 24
\BOOKMARK [2][-]{subsection.2.3.3}{2.3.3 Power Delay Profile \(PDP\)}{section.2.3}% 25
\BOOKMARK [2][-]{subsection.2.3.4}{2.3.4 Pemodelan Kanal Indonesia}{section.2.3}% 26
\BOOKMARK [1][-]{section.2.4}{2.4 Extrinsic Information Transfer \(EXIT\) Chart }{chapter.2}% 27
\BOOKMARK [1][-]{section.2.5}{2.5 Bit Error Rate \(BER\)}{chapter.2}% 28
\BOOKMARK [0][-]{chapter.3}{III skenario pengujian dan Model Sistem}{}% 29
\BOOKMARK [1][-]{section.3.1}{3.1 Struktur LDPC Codes Standar DVB-T2}{chapter.3}% 30
\BOOKMARK [1][-]{section.3.2}{3.2 Pengaruh Code Rate LDPC Codes DVB-T2 terhadap Kinerja DVB-T2}{chapter.3}% 31
\BOOKMARK [1][-]{section.3.3}{3.3 Pengujian Kinerja LDPC Codes}{chapter.3}% 32
\BOOKMARK [2][-]{subsection.3.3.1}{3.3.1 Quadrature Phase Shift Keying \(QPSK\)}{section.3.3}% 33
\BOOKMARK [2][-]{subsection.3.3.2}{3.3.2 AWGN Channel}{section.3.3}% 34
\BOOKMARK [2][-]{subsection.3.3.3}{3.3.3 Frequency Selective Fading Channel}{section.3.3}% 35
\BOOKMARK [1][-]{section.3.4}{3.4 Soft Decoding}{chapter.3}% 36
\BOOKMARK [1][-]{section.3.5}{3.5 Skenario Pengujian Kinerja LDPC Codes DVB-T2}{chapter.3}% 37
\BOOKMARK [1][-]{section.3.6}{3.6 Diagram Blok Sistem}{chapter.3}% 38
