This is pdfTeX, Version 3.14159265-2.6-1.40.20 (TeX Live 2019) (preloaded format=pdflatex 2019.10.9)  7 MAR 2020 23:02
entering extended mode
 restricted \write18 enabled.
 %&-line parsing enabled.
**TA_AFA.tex
(./TA_AFA.tex
LaTeX2e <2019-10-01>
(/usr/local/texlive/2019/texmf-dist/tex/latex/base/report.cls
Document Class: report 2019/08/27 v1.4j Standard LaTeX document class
(/usr/local/texlive/2019/texmf-dist/tex/latex/base/size12.clo
File: size12.clo 2019/08/27 v1.4j Standard LaTeX file (size option)
)
\c@part=\count80
\c@chapter=\count81
\c@section=\count82
\c@subsection=\count83
\c@subsubsection=\count84
\c@paragraph=\count85
\c@subparagraph=\count86
\c@figure=\count87
\c@table=\count88
\abovecaptionskip=\skip41
\belowcaptionskip=\skip42
\bibindent=\dimen102
) (./ta.sty
(/usr/local/texlive/2019/texmf-dist/tex/latex/tools/multicol.sty
Package: multicol 2019/03/01 v1.8w multicolumn formatting (FMi)
\c@tracingmulticols=\count89
\mult@box=\box27
\multicol@leftmargin=\dimen103
\c@unbalance=\count90
\c@collectmore=\count91
\doublecol@number=\count92
\multicoltolerance=\count93
\multicolpretolerance=\count94
\full@width=\dimen104
\page@free=\dimen105
\premulticols=\dimen106
\postmulticols=\dimen107
\multicolsep=\skip43
\multicolbaselineskip=\skip44
\partial@page=\box28
\last@line=\box29
\maxbalancingoverflow=\dimen108
\mult@rightbox=\box30
\mult@grightbox=\box31
\mult@gfirstbox=\box32
\mult@firstbox=\box33
\@tempa=\box34
\@tempa=\box35
\@tempa=\box36
\@tempa=\box37
\@tempa=\box38
\@tempa=\box39
\@tempa=\box40
\@tempa=\box41
\@tempa=\box42
\@tempa=\box43
\@tempa=\box44
\@tempa=\box45
\@tempa=\box46
\@tempa=\box47
\@tempa=\box48
\@tempa=\box49
\@tempa=\box50
\c@minrows=\count95
\c@columnbadness=\count96
\c@finalcolumnbadness=\count97
\last@try=\dimen109
\multicolovershoot=\dimen110
\multicolundershoot=\dimen111
\mult@nat@firstbox=\box51
\colbreak@box=\box52
\mc@col@check@num=\count98
)
(/usr/local/texlive/2019/texmf-dist/tex/latex/tocbibind/tocbibind.sty
Package: tocbibind 2010/10/13 v1.5k extra ToC listings
Package tocbibind Info: The document has chapter divisions on input line 50.


Package tocbibind Note: Using chapter style headings, unless overridden.

) (/usr/local/texlive/2019/texmf-dist/tex/latex/hyperref/hyperref.sty
Package: hyperref 2019/09/28 v7.00a Hypertext links for LaTeX

(/usr/local/texlive/2019/texmf-dist/tex/generic/oberdiek/hobsub-hyperref.sty
Package: hobsub-hyperref 2016/05/16 v1.14 Bundle oberdiek, subset hyperref (HO)


(/usr/local/texlive/2019/texmf-dist/tex/generic/oberdiek/hobsub-generic.sty
Package: hobsub-generic 2016/05/16 v1.14 Bundle oberdiek, subset generic (HO)
Package: hobsub 2016/05/16 v1.14 Construct package bundles (HO)
Package: infwarerr 2016/05/16 v1.4 Providing info/warning/error messages (HO)
Package: ltxcmds 2016/05/16 v1.23 LaTeX kernel commands for general use (HO)
Package: ifluatex 2016/05/16 v1.4 Provides the ifluatex switch (HO)
Package ifluatex Info: LuaTeX not detected.
Package: ifvtex 2016/05/16 v1.6 Detect VTeX and its facilities (HO)
Package ifvtex Info: VTeX not detected.
Package: intcalc 2016/05/16 v1.2 Expandable calculations with integers (HO)
Package: ifpdf 2018/09/07 v3.3 Provides the ifpdf switch
Package: etexcmds 2016/05/16 v1.6 Avoid name clashes with e-TeX commands (HO)
Package: kvsetkeys 2016/05/16 v1.17 Key value parser (HO)
Package: kvdefinekeys 2016/05/16 v1.4 Define keys (HO)
Package: pdftexcmds 2019/07/25 v0.30 Utility functions of pdfTeX for LuaTeX (HO
)
Package pdftexcmds Info: LuaTeX not detected.
Package pdftexcmds Info: \pdf@primitive is available.
Package pdftexcmds Info: \pdf@ifprimitive is available.
Package pdftexcmds Info: \pdfdraftmode found.
Package: pdfescape 2016/05/16 v1.14 Implements pdfTeX's escape features (HO)
Package: bigintcalc 2016/05/16 v1.4 Expandable calculations on big integers (HO
)
Package: bitset 2016/05/16 v1.2 Handle bit-vector datatype (HO)
Package: uniquecounter 2016/05/16 v1.3 Provide unlimited unique counter (HO)
)
Package hobsub Info: Skipping package `hobsub' (already loaded).
Package: letltxmacro 2016/05/16 v1.5 Let assignment for LaTeX macros (HO)
Package: hopatch 2016/05/16 v1.3 Wrapper for package hooks (HO)
Package: xcolor-patch 2016/05/16 xcolor patch
Package: atveryend 2016/05/16 v1.9 Hooks at the very end of document (HO)
Package atveryend Info: \enddocument detected (standard20110627).
Package: atbegshi 2016/06/09 v1.18 At begin shipout hook (HO)
Package: refcount 2016/05/16 v3.5 Data extraction from label references (HO)
Package: hycolor 2016/05/16 v1.8 Color options for hyperref/bookmark (HO)
)
(/usr/local/texlive/2019/texmf-dist/tex/latex/graphics/keyval.sty
Package: keyval 2014/10/28 v1.15 key=value parser (DPC)
\KV@toks@=\toks14
)
(/usr/local/texlive/2019/texmf-dist/tex/generic/ifxetex/ifxetex.sty
Package: ifxetex 2010/09/12 v0.6 Provides ifxetex conditional
)
(/usr/local/texlive/2019/texmf-dist/tex/latex/oberdiek/auxhook.sty
Package: auxhook 2016/05/16 v1.4 Hooks for auxiliary files (HO)
)
(/usr/local/texlive/2019/texmf-dist/tex/latex/oberdiek/kvoptions.sty
Package: kvoptions 2016/05/16 v3.12 Key value format for package options (HO)
)
\@linkdim=\dimen112
\Hy@linkcounter=\count99
\Hy@pagecounter=\count100

(/usr/local/texlive/2019/texmf-dist/tex/latex/hyperref/pd1enc.def
File: pd1enc.def 2019/09/28 v7.00a Hyperref: PDFDocEncoding definition (HO)
Now handling font encoding PD1 ...
... no UTF-8 mapping file for font encoding PD1
)
\Hy@SavedSpaceFactor=\count101

(/usr/local/texlive/2019/texmf-dist/tex/latex/latexconfig/hyperref.cfg
File: hyperref.cfg 2002/06/06 v1.2 hyperref configuration of TeXLive
)
Package hyperref Info: Option `final' set `true' on input line 4414.
Package hyperref Info: Hyper figures OFF on input line 4540.
Package hyperref Info: Link nesting OFF on input line 4545.
Package hyperref Info: Hyper index ON on input line 4548.
Package hyperref Info: Plain pages OFF on input line 4555.
Package hyperref Info: Backreferencing OFF on input line 4560.
Package hyperref Info: Implicit mode ON; LaTeX internals redefined.
Package hyperref Info: Bookmarks ON on input line 4793.
\c@Hy@tempcnt=\count102

(/usr/local/texlive/2019/texmf-dist/tex/latex/url/url.sty
\Urlmuskip=\muskip10
Package: url 2013/09/16  ver 3.4  Verb mode for urls, etc.
)
LaTeX Info: Redefining \url on input line 5152.
\XeTeXLinkMargin=\dimen113
\Fld@menulength=\count103
\Field@Width=\dimen114
\Fld@charsize=\dimen115
Package hyperref Info: Hyper figures OFF on input line 6423.
Package hyperref Info: Link nesting OFF on input line 6428.
Package hyperref Info: Hyper index ON on input line 6431.
Package hyperref Info: backreferencing OFF on input line 6438.
Package hyperref Info: Link coloring OFF on input line 6443.
Package hyperref Info: Link coloring with OCG OFF on input line 6448.
Package hyperref Info: PDF/A mode OFF on input line 6453.
LaTeX Info: Redefining \ref on input line 6493.
LaTeX Info: Redefining \pageref on input line 6497.
\Hy@abspage=\count104
\c@Item=\count105
\c@Hfootnote=\count106
)
Package hyperref Info: Driver (autodetected): hpdftex.

(/usr/local/texlive/2019/texmf-dist/tex/latex/hyperref/hpdftex.def
File: hpdftex.def 2019/09/28 v7.00a Hyperref driver for pdfTeX
\Fld@listcount=\count107
\c@bookmark@seq@number=\count108

(/usr/local/texlive/2019/texmf-dist/tex/latex/oberdiek/rerunfilecheck.sty
Package: rerunfilecheck 2016/05/16 v1.8 Rerun checks for auxiliary files (HO)
Package uniquecounter Info: New unique counter `rerunfilecheck' on input line 2
82.
)
\Hy@SectionHShift=\skip45
)

Package hyperref Warning: Option `a4paper' is no longer used.

Package hyperref Info: Option `colorlinks' set `false' on input line 39.
Package hyperref Info: Option `bookmarksopen' set `false' on input line 39.
Package hyperref Info: Option `bookmarksnumbered' set `true' on input line 39.
(/usr/local/texlive/2019/texmf-dist/tex/latex/multirow/multirow.sty
Package: multirow 2019/05/31 v2.5 Span multiple rows of a table
\multirow@colwidth=\skip46
\multirow@cntb=\count109
\multirow@dima=\skip47
\bigstrutjot=\dimen116
)
(/usr/local/texlive/2019/texmf-dist/tex/latex/graphics/graphicx.sty
Package: graphicx 2017/06/01 v1.1a Enhanced LaTeX Graphics (DPC,SPQR)

(/usr/local/texlive/2019/texmf-dist/tex/latex/graphics/graphics.sty
Package: graphics 2019/07/20 v1.3b Standard LaTeX Graphics (DPC,SPQR)

(/usr/local/texlive/2019/texmf-dist/tex/latex/graphics/trig.sty
Package: trig 2016/01/03 v1.10 sin cos tan (DPC)
)
(/usr/local/texlive/2019/texmf-dist/tex/latex/graphics-cfg/graphics.cfg
File: graphics.cfg 2016/06/04 v1.11 sample graphics configuration
)
Package graphics Info: Driver file: pdftex.def on input line 105.

(/usr/local/texlive/2019/texmf-dist/tex/latex/graphics-def/pdftex.def
File: pdftex.def 2018/01/08 v1.0l Graphics/color driver for pdftex
))
\Gin@req@height=\dimen117
\Gin@req@width=\dimen118
)
(/usr/local/texlive/2019/texmf-dist/tex/latex/setspace/setspace.sty
Package: setspace 2011/12/19 v6.7a set line spacing
)
(/usr/local/texlive/2019/texmf-dist/tex/latex/geometry/geometry.sty
Package: geometry 2018/04/16 v5.8 Page Geometry
\Gm@cnth=\count110
\Gm@cntv=\count111
\c@Gm@tempcnt=\count112
\Gm@bindingoffset=\dimen119
\Gm@wd@mp=\dimen120
\Gm@odd@mp=\dimen121
\Gm@even@mp=\dimen122
\Gm@layoutwidth=\dimen123
\Gm@layoutheight=\dimen124
\Gm@layouthoffset=\dimen125
\Gm@layoutvoffset=\dimen126
\Gm@dimlist=\toks15
)
(/usr/local/texlive/2019/texmf-dist/tex/latex/caption/caption.sty
Package: caption 2019/09/01 v3.3d Customizing captions (AR)

(/usr/local/texlive/2019/texmf-dist/tex/latex/caption/caption3.sty
Package: caption3 2019/09/01 v1.8d caption3 kernel (AR)
Package caption3 Info: TeX engine: e-TeX on input line 64.
\captionmargin=\dimen127
\captionmargin@=\dimen128
\captionwidth=\dimen129
\caption@tempdima=\dimen130
\caption@indent=\dimen131
\caption@parindent=\dimen132
\caption@hangindent=\dimen133
)
\c@caption@flags=\count113
\c@ContinuedFloat=\count114
Package caption Info: hyperref package is loaded.
)
(/usr/local/texlive/2019/texmf-dist/tex/latex/amsmath/amsmath.sty
Package: amsmath 2019/04/01 v2.17c AMS math features
\@mathmargin=\skip48

For additional information on amsmath, use the `?' option.
(/usr/local/texlive/2019/texmf-dist/tex/latex/amsmath/amstext.sty
Package: amstext 2000/06/29 v2.01 AMS text

(/usr/local/texlive/2019/texmf-dist/tex/latex/amsmath/amsgen.sty
File: amsgen.sty 1999/11/30 v2.0 generic functions
\@emptytoks=\toks16
\ex@=\dimen134
))
(/usr/local/texlive/2019/texmf-dist/tex/latex/amsmath/amsbsy.sty
Package: amsbsy 1999/11/29 v1.2d Bold Symbols
\pmbraise@=\dimen135
)
(/usr/local/texlive/2019/texmf-dist/tex/latex/amsmath/amsopn.sty
Package: amsopn 2016/03/08 v2.02 operator names
)
\inf@bad=\count115
LaTeX Info: Redefining \frac on input line 227.
\uproot@=\count116
\leftroot@=\count117
LaTeX Info: Redefining \overline on input line 389.
\classnum@=\count118
\DOTSCASE@=\count119
LaTeX Info: Redefining \ldots on input line 486.
LaTeX Info: Redefining \dots on input line 489.
LaTeX Info: Redefining \cdots on input line 610.
\Mathstrutbox@=\box53
\strutbox@=\box54
\big@size=\dimen136
LaTeX Font Info:    Redeclaring font encoding OML on input line 733.
LaTeX Font Info:    Redeclaring font encoding OMS on input line 734.
\macc@depth=\count120
\c@MaxMatrixCols=\count121
\dotsspace@=\muskip11
\c@parentequation=\count122
\dspbrk@lvl=\count123
\tag@help=\toks17
\row@=\count124
\column@=\count125
\maxfields@=\count126
\andhelp@=\toks18
\eqnshift@=\dimen137
\alignsep@=\dimen138
\tagshift@=\dimen139
\tagwidth@=\dimen140
\totwidth@=\dimen141
\lineht@=\dimen142
\@envbody=\toks19
\multlinegap=\skip49
\multlinetaggap=\skip50
\mathdisplay@stack=\toks20
LaTeX Info: Redefining \[ on input line 2855.
LaTeX Info: Redefining \] on input line 2856.
)
(/usr/local/texlive/2019/texmf-dist/tex/latex/pslatex/pslatex.sty
Package: pslatex 1996/07/24 v1.2 pslatex emulation (DPC)
LaTeX Font Info:    Redeclaring symbol font `operators' on input line 65.
LaTeX Font Info:    Overwriting symbol font `operators' in version `normal'
(Font)                  OT1/cmr/m/n --> OT1/ptmcm/m/n on input line 65.
LaTeX Font Info:    Overwriting symbol font `operators' in version `bold'
(Font)                  OT1/cmr/bx/n --> OT1/ptmcm/m/n on input line 65.
LaTeX Font Info:    Redeclaring symbol font `letters' on input line 66.
LaTeX Font Info:    Overwriting symbol font `letters' in version `normal'
(Font)                  OML/cmm/m/it --> OML/ptmcm/m/it on input line 66.
LaTeX Font Info:    Overwriting symbol font `letters' in version `bold'
(Font)                  OML/cmm/b/it --> OML/ptmcm/m/it on input line 66.
LaTeX Font Info:    Redeclaring symbol font `symbols' on input line 67.
LaTeX Font Info:    Overwriting symbol font `symbols' in version `normal'
(Font)                  OMS/cmsy/m/n --> OMS/pzccm/m/n on input line 67.
LaTeX Font Info:    Overwriting symbol font `symbols' in version `bold'
(Font)                  OMS/cmsy/b/n --> OMS/pzccm/m/n on input line 67.
LaTeX Font Info:    Redeclaring symbol font `largesymbols' on input line 68.
LaTeX Font Info:    Overwriting symbol font `largesymbols' in version `normal'
(Font)                  OMX/cmex/m/n --> OMX/psycm/m/n on input line 68.
LaTeX Font Info:    Overwriting symbol font `largesymbols' in version `bold'
(Font)                  OMX/cmex/m/n --> OMX/psycm/m/n on input line 68.
\symbold=\mathgroup4
\symitalic=\mathgroup5
LaTeX Font Info:    Redeclaring math alphabet \mathbf on input line 74.
LaTeX Font Info:    Overwriting math alphabet `\mathbf' in version `normal'
(Font)                  OT1/cmr/bx/n --> OT1/ptm/bx/n on input line 74.
LaTeX Font Info:    Overwriting math alphabet `\mathbf' in version `bold'
(Font)                  OT1/cmr/bx/n --> OT1/ptm/bx/n on input line 74.
LaTeX Font Info:    Redeclaring math alphabet \mathit on input line 75.
LaTeX Font Info:    Overwriting math alphabet `\mathit' in version `normal'
(Font)                  OT1/cmr/m/it --> OT1/ptm/m/it on input line 75.
LaTeX Font Info:    Overwriting math alphabet `\mathit' in version `bold'
(Font)                  OT1/cmr/bx/it --> OT1/ptm/m/it on input line 75.
)
(/usr/local/texlive/2019/texmf-dist/tex/latex/fancyhdr/fancyhdr.sty
Package: fancyhdr 2019/01/31 v3.10 Extensive control of page headers and footer
s
\f@nch@headwidth=\skip51
\f@nch@O@elh=\skip52
\f@nch@O@erh=\skip53
\f@nch@O@olh=\skip54
\f@nch@O@orh=\skip55
\f@nch@O@elf=\skip56
\f@nch@O@erf=\skip57
\f@nch@O@olf=\skip58
\f@nch@O@orf=\skip59
)
(/usr/local/texlive/2019/texmf-dist/tex/latex/pdfpages/pdfpages.sty
Package: pdfpages 2019/09/21 v0.5n Insert pages of external PDF documents (AM)

(/usr/local/texlive/2019/texmf-dist/tex/latex/base/ifthen.sty
Package: ifthen 2014/09/29 v1.1c Standard LaTeX ifthen package (DPC)
)
(/usr/local/texlive/2019/texmf-dist/tex/latex/tools/calc.sty
Package: calc 2017/05/25 v4.3 Infix arithmetic (KKT,FJ)
\calc@Acount=\count127
\calc@Bcount=\count128
\calc@Adimen=\dimen143
\calc@Bdimen=\dimen144
\calc@Askip=\skip60
\calc@Bskip=\skip61
LaTeX Info: Redefining \setlength on input line 80.
LaTeX Info: Redefining \addtolength on input line 81.
\calc@Ccount=\count129
\calc@Cskip=\skip62
)
(/usr/local/texlive/2019/texmf-dist/tex/latex/eso-pic/eso-pic.sty
Package: eso-pic 2018/04/12 v2.0h eso-pic (RN)

(/usr/local/texlive/2019/texmf-dist/tex/latex/xcolor/xcolor.sty
Package: xcolor 2016/05/11 v2.12 LaTeX color extensions (UK)

(/usr/local/texlive/2019/texmf-dist/tex/latex/graphics-cfg/color.cfg
File: color.cfg 2016/01/02 v1.6 sample color configuration
)
Package xcolor Info: Driver file: pdftex.def on input line 225.
Package xcolor Info: Model `cmy' substituted by `cmy0' on input line 1348.
Package xcolor Info: Model `hsb' substituted by `rgb' on input line 1352.
Package xcolor Info: Model `RGB' extended on input line 1364.
Package xcolor Info: Model `HTML' substituted by `rgb' on input line 1366.
Package xcolor Info: Model `Hsb' substituted by `hsb' on input line 1367.
Package xcolor Info: Model `tHsb' substituted by `hsb' on input line 1368.
Package xcolor Info: Model `HSB' substituted by `hsb' on input line 1369.
Package xcolor Info: Model `Gray' substituted by `gray' on input line 1370.
Package xcolor Info: Model `wave' substituted by `hsb' on input line 1371.
))
\AM@pagewidth=\dimen145
\AM@pageheight=\dimen146

(/usr/local/texlive/2019/texmf-dist/tex/latex/pdfpages/pppdftex.def
File: pppdftex.def 2019/09/21 v0.5n Pdfpages driver for pdfTeX (AM)
)
\AM@pagebox=\box55
\AM@global@opts=\toks21
\AM@toc@title=\toks22
\c@AM@survey=\count130
\AM@templatesizebox=\box56
)
(./fncychap.sty
Package: fncychap 2007/07/30 v1.34 LaTeX package (Revised chapters)
\RW=\skip63
\mylen=\skip64
\myhi=\skip65
\px=\skip66
\py=\skip67
\pyy=\skip68
\pxx=\skip69
)
(/usr/local/texlive/2019/texmf-dist/tex/latex/colortbl/colortbl.sty
Package: colortbl 2018/12/12 v1.0d Color table columns (DPC)

(/usr/local/texlive/2019/texmf-dist/tex/latex/tools/array.sty
Package: array 2019/08/31 v2.4l Tabular extension package (FMi)
\col@sep=\dimen147
\ar@mcellbox=\box57
\extrarowheight=\dimen148
\NC@list=\toks23
\extratabsurround=\skip70
\backup@length=\skip71
\ar@cellbox=\box58
)
\everycr=\toks24
\minrowclearance=\skip72
)
(/usr/local/texlive/2019/texmf-dist/tex/latex/float/float.sty
Package: float 2001/11/08 v1.3d Float enhancements (AL)
\c@float@type=\count131
\float@exts=\toks25
\float@box=\box59
\@float@everytoks=\toks26
\@floatcapt=\box60
)
(/usr/local/texlive/2019/texmf-dist/tex/latex/cite/cite.sty
LaTeX Info: Redefining \cite on input line 302.
LaTeX Info: Redefining \nocite on input line 332.
Package: cite 2015/02/27  v 5.5
) (./algorithm.sty
Package: algorithm 2009/08/24 v0.1 Document Style `algorithm' - floating enviro
nment
\@float@every@algorithm=\toks27
\c@algorithm=\count132
)
(./algorithmicx.sty
Package: algorithmicx 2005/04/27 v1.2 Algorithmicx

Document Style algorithmicx 1.2 - a greatly improved `algorithmic' style
\c@ALG@line=\count133
\c@ALG@rem=\count134
\c@ALG@nested=\count135
\ALG@tlm=\skip73
\ALG@thistlm=\skip74
\c@ALG@Lnr=\count136
\c@ALG@blocknr=\count137
\c@ALG@storecount=\count138
\c@ALG@tmpcounter=\count139
\ALG@tmplength=\skip75
) (./algpseudocode.sty
Package: algpseudocode 

Document Style - pseudocode environments for use with the `algorithmicx' style
) (/usr/local/texlive/2019/texmf-dist/tex/latex/amsfonts/amssymb.sty
Package: amssymb 2013/01/14 v3.01 AMS font symbols

(/usr/local/texlive/2019/texmf-dist/tex/latex/amsfonts/amsfonts.sty
Package: amsfonts 2013/01/14 v3.01 Basic AMSFonts support
\symAMSa=\mathgroup6
\symAMSb=\mathgroup7
LaTeX Font Info:    Redeclaring math symbol \hbar on input line 98.
LaTeX Font Info:    Overwriting math alphabet `\mathfrak' in version `bold'
(Font)                  U/euf/m/n --> U/euf/b/n on input line 106.
))
(/usr/local/texlive/2019/texmf-dist/tex/latex/amsmath/amscd.sty
Package: amscd 2017/04/14 v2.1 AMS Commutative Diagrams
\athelp@=\toks28
\minaw@=\dimen149
\bigaw@=\dimen150
\minCDarrowwidth=\dimen151
)
(/usr/local/texlive/2019/texmf-dist/tex/latex/tools/indentfirst.sty
Package: indentfirst 1995/11/23 v1.03 Indent first paragraph (DPC)
)
(/usr/local/texlive/2019/texmf-dist/tex/latex/base/fixltx2e.sty
Package: fixltx2e 2016/12/29 v2.1a fixes to LaTeX (obsolete)
Applying: [2015/01/01] Old fixltx2e package on input line 46.


Package fixltx2e Warning: fixltx2e is not required with releases after 2015
(fixltx2e)                All fixes are now in the LaTeX kernel.
(fixltx2e)                See the latexrelease package for details.

Already applied: [0000/00/00] Old fixltx2e package on input line 53.
) (/usr/local/texlive/2019/texmf-dist/tex/generic/ulem/ulem.sty
\UL@box=\box61
\UL@hyphenbox=\box62
\UL@skip=\skip76
\UL@hook=\toks29
\UL@height=\dimen152
\UL@pe=\count140
\UL@pixel=\dimen153
\ULC@box=\box63
Package: ulem 2012/05/18
\ULdepth=\dimen154
)
(/usr/local/texlive/2019/texmf-dist/tex/latex/listings/listings.sty
\lst@mode=\count141
\lst@gtempboxa=\box64
\lst@token=\toks30
\lst@length=\count142
\lst@currlwidth=\dimen155
\lst@column=\count143
\lst@pos=\count144
\lst@lostspace=\dimen156
\lst@width=\dimen157
\lst@newlines=\count145
\lst@lineno=\count146
\lst@maxwidth=\dimen158

(/usr/local/texlive/2019/texmf-dist/tex/latex/listings/lstmisc.sty
File: lstmisc.sty 2019/09/10 1.8c (Carsten Heinz)
\c@lstnumber=\count147
\lst@skipnumbers=\count148
\lst@framebox=\box65
)
(/usr/local/texlive/2019/texmf-dist/tex/latex/listings/listings.cfg
File: listings.cfg 2019/09/10 1.8c listings configuration
))
Package: listings 2019/09/10 1.8c (Carsten Heinz)

(/usr/local/texlive/2019/texmf-dist/tex/latex/pgf/frontendlayer/tikz.sty
(/usr/local/texlive/2019/texmf-dist/tex/latex/pgf/basiclayer/pgf.sty
(/usr/local/texlive/2019/texmf-dist/tex/latex/pgf/utilities/pgfrcs.sty
(/usr/local/texlive/2019/texmf-dist/tex/generic/pgf/utilities/pgfutil-common.te
x
\pgfutil@everybye=\toks31
\pgfutil@tempdima=\dimen159
\pgfutil@tempdimb=\dimen160

(/usr/local/texlive/2019/texmf-dist/tex/generic/pgf/utilities/pgfutil-common-li
sts.tex))
(/usr/local/texlive/2019/texmf-dist/tex/generic/pgf/utilities/pgfutil-latex.def
\pgfutil@abb=\box66
(/usr/local/texlive/2019/texmf-dist/tex/latex/ms/everyshi.sty
Package: everyshi 2001/05/15 v3.00 EveryShipout Package (MS)
))
(/usr/local/texlive/2019/texmf-dist/tex/generic/pgf/utilities/pgfrcs.code.tex
(/usr/local/texlive/2019/texmf-dist/tex/generic/pgf/pgf.revision.tex)
Package: pgfrcs 2019/08/03 v3.1.4b (3.1.4b)
))
Package: pgf 2019/08/03 v3.1.4b (3.1.4b)

(/usr/local/texlive/2019/texmf-dist/tex/latex/pgf/basiclayer/pgfcore.sty
(/usr/local/texlive/2019/texmf-dist/tex/latex/pgf/systemlayer/pgfsys.sty
(/usr/local/texlive/2019/texmf-dist/tex/generic/pgf/systemlayer/pgfsys.code.tex
Package: pgfsys 2019/08/03 v3.1.4b (3.1.4b)
(/usr/local/texlive/2019/texmf-dist/tex/generic/pgf/utilities/pgfkeys.code.tex
\pgfkeys@pathtoks=\toks32
\pgfkeys@temptoks=\toks33

(/usr/local/texlive/2019/texmf-dist/tex/generic/pgf/utilities/pgfkeysfiltered.c
ode.tex
\pgfkeys@tmptoks=\toks34
))
\pgf@x=\dimen161
\pgf@y=\dimen162
\pgf@xa=\dimen163
\pgf@ya=\dimen164
\pgf@xb=\dimen165
\pgf@yb=\dimen166
\pgf@xc=\dimen167
\pgf@yc=\dimen168
\pgf@xd=\dimen169
\pgf@yd=\dimen170
\w@pgf@writea=\write3
\r@pgf@reada=\read1
\c@pgf@counta=\count149
\c@pgf@countb=\count150
\c@pgf@countc=\count151
\c@pgf@countd=\count152
\t@pgf@toka=\toks35
\t@pgf@tokb=\toks36
\t@pgf@tokc=\toks37
\pgf@sys@id@count=\count153

(/usr/local/texlive/2019/texmf-dist/tex/generic/pgf/systemlayer/pgf.cfg
File: pgf.cfg 2019/08/03 v3.1.4b (3.1.4b)
)
Driver file for pgf: pgfsys-pdftex.def

(/usr/local/texlive/2019/texmf-dist/tex/generic/pgf/systemlayer/pgfsys-pdftex.d
ef
File: pgfsys-pdftex.def 2019/08/03 v3.1.4b (3.1.4b)

(/usr/local/texlive/2019/texmf-dist/tex/generic/pgf/systemlayer/pgfsys-common-p
df.def
File: pgfsys-common-pdf.def 2019/08/03 v3.1.4b (3.1.4b)
)))
(/usr/local/texlive/2019/texmf-dist/tex/generic/pgf/systemlayer/pgfsyssoftpath.
code.tex
File: pgfsyssoftpath.code.tex 2019/08/03 v3.1.4b (3.1.4b)
\pgfsyssoftpath@smallbuffer@items=\count154
\pgfsyssoftpath@bigbuffer@items=\count155
)
(/usr/local/texlive/2019/texmf-dist/tex/generic/pgf/systemlayer/pgfsysprotocol.
code.tex
File: pgfsysprotocol.code.tex 2019/08/03 v3.1.4b (3.1.4b)
))
(/usr/local/texlive/2019/texmf-dist/tex/generic/pgf/basiclayer/pgfcore.code.tex
Package: pgfcore 2019/08/03 v3.1.4b (3.1.4b)
(/usr/local/texlive/2019/texmf-dist/tex/generic/pgf/math/pgfmath.code.tex
(/usr/local/texlive/2019/texmf-dist/tex/generic/pgf/math/pgfmathcalc.code.tex
(/usr/local/texlive/2019/texmf-dist/tex/generic/pgf/math/pgfmathutil.code.tex)
(/usr/local/texlive/2019/texmf-dist/tex/generic/pgf/math/pgfmathparser.code.tex
\pgfmath@dimen=\dimen171
\pgfmath@count=\count156
\pgfmath@box=\box67
\pgfmath@toks=\toks38
\pgfmath@stack@operand=\toks39
\pgfmath@stack@operation=\toks40
)
(/usr/local/texlive/2019/texmf-dist/tex/generic/pgf/math/pgfmathfunctions.code.
tex
(/usr/local/texlive/2019/texmf-dist/tex/generic/pgf/math/pgfmathfunctions.basic
.code.tex)
(/usr/local/texlive/2019/texmf-dist/tex/generic/pgf/math/pgfmathfunctions.trigo
nometric.code.tex)
(/usr/local/texlive/2019/texmf-dist/tex/generic/pgf/math/pgfmathfunctions.rando
m.code.tex)
(/usr/local/texlive/2019/texmf-dist/tex/generic/pgf/math/pgfmathfunctions.compa
rison.code.tex)
(/usr/local/texlive/2019/texmf-dist/tex/generic/pgf/math/pgfmathfunctions.base.
code.tex)
(/usr/local/texlive/2019/texmf-dist/tex/generic/pgf/math/pgfmathfunctions.round
.code.tex)
(/usr/local/texlive/2019/texmf-dist/tex/generic/pgf/math/pgfmathfunctions.misc.
code.tex)
(/usr/local/texlive/2019/texmf-dist/tex/generic/pgf/math/pgfmathfunctions.integ
erarithmetics.code.tex)))
(/usr/local/texlive/2019/texmf-dist/tex/generic/pgf/math/pgfmathfloat.code.tex
\c@pgfmathroundto@lastzeros=\count157
)) (/usr/local/texlive/2019/texmf-dist/tex/generic/pgf/math/pgfint.code.tex)
(/usr/local/texlive/2019/texmf-dist/tex/generic/pgf/basiclayer/pgfcorepoints.co
de.tex
File: pgfcorepoints.code.tex 2019/08/03 v3.1.4b (3.1.4b)
\pgf@picminx=\dimen172
\pgf@picmaxx=\dimen173
\pgf@picminy=\dimen174
\pgf@picmaxy=\dimen175
\pgf@pathminx=\dimen176
\pgf@pathmaxx=\dimen177
\pgf@pathminy=\dimen178
\pgf@pathmaxy=\dimen179
\pgf@xx=\dimen180
\pgf@xy=\dimen181
\pgf@yx=\dimen182
\pgf@yy=\dimen183
\pgf@zx=\dimen184
\pgf@zy=\dimen185
)
(/usr/local/texlive/2019/texmf-dist/tex/generic/pgf/basiclayer/pgfcorepathconst
ruct.code.tex
File: pgfcorepathconstruct.code.tex 2019/08/03 v3.1.4b (3.1.4b)
\pgf@path@lastx=\dimen186
\pgf@path@lasty=\dimen187
)
(/usr/local/texlive/2019/texmf-dist/tex/generic/pgf/basiclayer/pgfcorepathusage
.code.tex
File: pgfcorepathusage.code.tex 2019/08/03 v3.1.4b (3.1.4b)
\pgf@shorten@end@additional=\dimen188
\pgf@shorten@start@additional=\dimen189
)
(/usr/local/texlive/2019/texmf-dist/tex/generic/pgf/basiclayer/pgfcorescopes.co
de.tex
File: pgfcorescopes.code.tex 2019/08/03 v3.1.4b (3.1.4b)
\pgfpic=\box68
\pgf@hbox=\box69
\pgf@layerbox@main=\box70
\pgf@picture@serial@count=\count158
)
(/usr/local/texlive/2019/texmf-dist/tex/generic/pgf/basiclayer/pgfcoregraphicst
ate.code.tex
File: pgfcoregraphicstate.code.tex 2019/08/03 v3.1.4b (3.1.4b)
\pgflinewidth=\dimen190
)
(/usr/local/texlive/2019/texmf-dist/tex/generic/pgf/basiclayer/pgfcoretransform
ations.code.tex
File: pgfcoretransformations.code.tex 2019/08/03 v3.1.4b (3.1.4b)
\pgf@pt@x=\dimen191
\pgf@pt@y=\dimen192
\pgf@pt@temp=\dimen193
)
(/usr/local/texlive/2019/texmf-dist/tex/generic/pgf/basiclayer/pgfcorequick.cod
e.tex
File: pgfcorequick.code.tex 2019/08/03 v3.1.4b (3.1.4b)
)
(/usr/local/texlive/2019/texmf-dist/tex/generic/pgf/basiclayer/pgfcoreobjects.c
ode.tex
File: pgfcoreobjects.code.tex 2019/08/03 v3.1.4b (3.1.4b)
)
(/usr/local/texlive/2019/texmf-dist/tex/generic/pgf/basiclayer/pgfcorepathproce
ssing.code.tex
File: pgfcorepathprocessing.code.tex 2019/08/03 v3.1.4b (3.1.4b)
)
(/usr/local/texlive/2019/texmf-dist/tex/generic/pgf/basiclayer/pgfcorearrows.co
de.tex
File: pgfcorearrows.code.tex 2019/08/03 v3.1.4b (3.1.4b)
\pgfarrowsep=\dimen194
)
(/usr/local/texlive/2019/texmf-dist/tex/generic/pgf/basiclayer/pgfcoreshade.cod
e.tex
File: pgfcoreshade.code.tex 2019/08/03 v3.1.4b (3.1.4b)
\pgf@max=\dimen195
\pgf@sys@shading@range@num=\count159
\pgf@shadingcount=\count160
)
(/usr/local/texlive/2019/texmf-dist/tex/generic/pgf/basiclayer/pgfcoreimage.cod
e.tex
File: pgfcoreimage.code.tex 2019/08/03 v3.1.4b (3.1.4b)

(/usr/local/texlive/2019/texmf-dist/tex/generic/pgf/basiclayer/pgfcoreexternal.
code.tex
File: pgfcoreexternal.code.tex 2019/08/03 v3.1.4b (3.1.4b)
\pgfexternal@startupbox=\box71
))
(/usr/local/texlive/2019/texmf-dist/tex/generic/pgf/basiclayer/pgfcorelayers.co
de.tex
File: pgfcorelayers.code.tex 2019/08/03 v3.1.4b (3.1.4b)
)
(/usr/local/texlive/2019/texmf-dist/tex/generic/pgf/basiclayer/pgfcoretranspare
ncy.code.tex
File: pgfcoretransparency.code.tex 2019/08/03 v3.1.4b (3.1.4b)
)
(/usr/local/texlive/2019/texmf-dist/tex/generic/pgf/basiclayer/pgfcorepatterns.
code.tex
File: pgfcorepatterns.code.tex 2019/08/03 v3.1.4b (3.1.4b)
)
(/usr/local/texlive/2019/texmf-dist/tex/generic/pgf/basiclayer/pgfcorerdf.code.
tex
File: pgfcorerdf.code.tex 2019/08/03 v3.1.4b (3.1.4b)
)))
(/usr/local/texlive/2019/texmf-dist/tex/generic/pgf/modules/pgfmoduleshapes.cod
e.tex
File: pgfmoduleshapes.code.tex 2019/08/03 v3.1.4b (3.1.4b)
\pgfnodeparttextbox=\box72
)
(/usr/local/texlive/2019/texmf-dist/tex/generic/pgf/modules/pgfmoduleplot.code.
tex
File: pgfmoduleplot.code.tex 2019/08/03 v3.1.4b (3.1.4b)
)
(/usr/local/texlive/2019/texmf-dist/tex/latex/pgf/compatibility/pgfcomp-version
-0-65.sty
Package: pgfcomp-version-0-65 2019/08/03 v3.1.4b (3.1.4b)
\pgf@nodesepstart=\dimen196
\pgf@nodesepend=\dimen197
)
(/usr/local/texlive/2019/texmf-dist/tex/latex/pgf/compatibility/pgfcomp-version
-1-18.sty
Package: pgfcomp-version-1-18 2019/08/03 v3.1.4b (3.1.4b)
))
(/usr/local/texlive/2019/texmf-dist/tex/latex/pgf/utilities/pgffor.sty
(/usr/local/texlive/2019/texmf-dist/tex/latex/pgf/utilities/pgfkeys.sty
(/usr/local/texlive/2019/texmf-dist/tex/generic/pgf/utilities/pgfkeys.code.tex)
) (/usr/local/texlive/2019/texmf-dist/tex/latex/pgf/math/pgfmath.sty
(/usr/local/texlive/2019/texmf-dist/tex/generic/pgf/math/pgfmath.code.tex))
(/usr/local/texlive/2019/texmf-dist/tex/generic/pgf/utilities/pgffor.code.tex
Package: pgffor 2019/08/03 v3.1.4b (3.1.4b)

(/usr/local/texlive/2019/texmf-dist/tex/generic/pgf/math/pgfmath.code.tex)
\pgffor@iter=\dimen198
\pgffor@skip=\dimen199
\pgffor@stack=\toks41
\pgffor@toks=\toks42
))
(/usr/local/texlive/2019/texmf-dist/tex/generic/pgf/frontendlayer/tikz/tikz.cod
e.tex
Package: tikz 2019/08/03 v3.1.4b (3.1.4b)

(/usr/local/texlive/2019/texmf-dist/tex/generic/pgf/libraries/pgflibraryplothan
dlers.code.tex
File: pgflibraryplothandlers.code.tex 2019/08/03 v3.1.4b (3.1.4b)
\pgf@plot@mark@count=\count161
\pgfplotmarksize=\dimen256
)
\tikz@lastx=\dimen257
\tikz@lasty=\dimen258
\tikz@lastxsaved=\dimen259
\tikz@lastysaved=\dimen260
\tikz@lastmovetox=\dimen261
\tikz@lastmovetoy=\dimen262
\tikzleveldistance=\dimen263
\tikzsiblingdistance=\dimen264
\tikz@figbox=\box73
\tikz@figbox@bg=\box74
\tikz@tempbox=\box75
\tikz@tempbox@bg=\box76
\tikztreelevel=\count162
\tikznumberofchildren=\count163
\tikznumberofcurrentchild=\count164
\tikz@fig@count=\count165

(/usr/local/texlive/2019/texmf-dist/tex/generic/pgf/modules/pgfmodulematrix.cod
e.tex
File: pgfmodulematrix.code.tex 2019/08/03 v3.1.4b (3.1.4b)
\pgfmatrixcurrentrow=\count166
\pgfmatrixcurrentcolumn=\count167
\pgf@matrix@numberofcolumns=\count168
)
\tikz@expandcount=\count169

(/usr/local/texlive/2019/texmf-dist/tex/generic/pgf/frontendlayer/tikz/librarie
s/tikzlibrarytopaths.code.tex
File: tikzlibrarytopaths.code.tex 2019/08/03 v3.1.4b (3.1.4b)
))))
(/usr/local/texlive/2019/texmf-dist/tex/latex/subfigure/subfigure.sty
Package: subfigure 2002/03/15 v2.1.5 subfigure package
\subfigtopskip=\skip77
\subfigcapskip=\skip78
\subfigcaptopadj=\dimen265
\subfigbottomskip=\skip79
\subfigcapmargin=\dimen266
\subfiglabelskip=\skip80
\c@subfigure=\count170
\c@lofdepth=\count171
\c@subtable=\count172
\c@lotdepth=\count173

****************************************
* Local config file subfigure.cfg used *
****************************************
(/usr/local/texlive/2019/texmf-dist/tex/latex/subfigure/subfigure.cfg)
\subfig@top=\skip81
\subfig@bottom=\skip82
)
(/usr/local/texlive/2019/texmf-dist/tex/latex/mathtools/mathtools.sty
Package: mathtools 2019/07/31 v1.22 mathematical typesetting tools

(/usr/local/texlive/2019/texmf-dist/tex/latex/mathtools/mhsetup.sty
Package: mhsetup 2017/03/31 v1.3 programming setup (MH)
)
LaTeX Info: Thecontrolsequence`\('isalreadyrobust on input line 129.
LaTeX Info: Thecontrolsequence`\)'isalreadyrobust on input line 129.
LaTeX Info: Thecontrolsequence`\['isalreadyrobust on input line 129.
LaTeX Info: Thecontrolsequence`\]'isalreadyrobust on input line 129.
\g_MT_multlinerow_int=\count174
\l_MT_multwidth_dim=\dimen267
\origjot=\skip83
\l_MT_shortvdotswithinadjustabove_dim=\dimen268
\l_MT_shortvdotswithinadjustbelow_dim=\dimen269
\l_MT_above_intertext_sep=\dimen270
\l_MT_below_intertext_sep=\dimen271
\l_MT_above_shortintertext_sep=\dimen272
\l_MT_below_shortintertext_sep=\dimen273
)
(/usr/local/texlive/2019/texmf-dist/tex/latex/l3packages/xfrac/xfrac.sty
(/usr/local/texlive/2019/texmf-dist/tex/latex/l3kernel/expl3.sty
Package: expl3 2019-10-02 L3 programming layer (loader) 

(/usr/local/texlive/2019/texmf-dist/tex/latex/l3kernel/expl3-code.tex
Package: expl3 2019-10-02 L3 programming layer (code)
\c_max_int=\count175
\l_tmpa_int=\count176
\l_tmpb_int=\count177
\g_tmpa_int=\count178
\g_tmpb_int=\count179
\l__seq_internal_a_int=\count180
\l__seq_internal_b_int=\count181
\g__kernel_prg_map_int=\count182
\c__ior_term_noprompt_ior=\count183
\c_log_iow=\count184
\l_iow_line_count_int=\count185
\l__iow_line_target_int=\count186
\l__iow_one_indent_int=\count187
\l__iow_indent_int=\count188
\c_zero_dim=\dimen274
\c_max_dim=\dimen275
\l_tmpa_dim=\dimen276
\l_tmpb_dim=\dimen277
\g_tmpa_dim=\dimen278
\g_tmpb_dim=\dimen279
\c_zero_skip=\skip84
\c_max_skip=\skip85
\l_tmpa_skip=\skip86
\l_tmpb_skip=\skip87
\g_tmpa_skip=\skip88
\g_tmpb_skip=\skip89
\c_zero_muskip=\muskip12
\c_max_muskip=\muskip13
\l_tmpa_muskip=\muskip14
\l_tmpb_muskip=\muskip15
\g_tmpa_muskip=\muskip16
\g_tmpb_muskip=\muskip17
\l_keys_choice_int=\count189
\l__intarray_loop_int=\count190
\c__intarray_sp_dim=\dimen280
\g__intarray_font_int=\count191
\c__fp_leading_shift_int=\count192
\c__fp_middle_shift_int=\count193
\c__fp_trailing_shift_int=\count194
\c__fp_big_leading_shift_int=\count195
\c__fp_big_middle_shift_int=\count196
\c__fp_big_trailing_shift_int=\count197
\c__fp_Bigg_leading_shift_int=\count198
\c__fp_Bigg_middle_shift_int=\count199
\c__fp_Bigg_trailing_shift_int=\count266
\c__kernel_randint_max_int=\count267
\g__fp_array_int=\count268
\l__fp_array_loop_int=\count269
\l__sort_length_int=\count270
\l__sort_min_int=\count271
\l__sort_top_int=\count272
\l__sort_max_int=\count273
\l__sort_true_max_int=\count274
\l__sort_block_int=\count275
\l__sort_begin_int=\count276
\l__sort_end_int=\count277
\l__sort_A_int=\count278
\l__sort_B_int=\count279
\l__sort_C_int=\count280
\l__str_internal_int=\count281
\c__str_replacement_char_int=\count282
\l__tl_analysis_normal_int=\count283
\l__tl_analysis_index_int=\count284
\l__tl_analysis_nesting_int=\count285
\l__tl_analysis_type_int=\count286
\l__regex_internal_a_int=\count287
\l__regex_internal_b_int=\count288
\l__regex_internal_c_int=\count289
\l__regex_balance_int=\count290
\l__regex_group_level_int=\count291
\l__regex_mode_int=\count292
\c__regex_cs_in_class_mode_int=\count293
\c__regex_cs_mode_int=\count294
\l__regex_catcodes_int=\count295
\l__regex_default_catcodes_int=\count296
\c__regex_catcode_D_int=\count297
\c__regex_catcode_S_int=\count298
\c__regex_catcode_L_int=\count299
\c__regex_catcode_O_int=\count300
\c__regex_catcode_A_int=\count301
\c__regex_all_catcodes_int=\count302
\l__regex_show_lines_int=\count303
\l__regex_min_state_int=\count304
\l__regex_max_state_int=\count305
\l__regex_left_state_int=\count306
\l__regex_right_state_int=\count307
\l__regex_capturing_group_int=\count308
\l__regex_min_pos_int=\count309
\l__regex_max_pos_int=\count310
\l__regex_curr_pos_int=\count311
\l__regex_start_pos_int=\count312
\l__regex_success_pos_int=\count313
\l__regex_curr_char_int=\count314
\l__regex_curr_catcode_int=\count315
\l__regex_last_char_int=\count316
\l__regex_case_changed_char_int=\count317
\l__regex_curr_state_int=\count318
\l__regex_step_int=\count319
\l__regex_min_active_int=\count320
\l__regex_max_active_int=\count321
\l__regex_replacement_csnames_int=\count322
\l__regex_match_count_int=\count323
\l__regex_min_submatch_int=\count324
\l__regex_submatch_int=\count325
\l__regex_zeroth_submatch_int=\count326
\g__regex_trace_regex_int=\count327
\c_empty_box=\box77
\l_tmpa_box=\box78
\l_tmpb_box=\box79
\g_tmpa_box=\box80
\g_tmpb_box=\box81
\l__box_top_dim=\dimen281
\l__box_bottom_dim=\dimen282
\l__box_left_dim=\dimen283
\l__box_right_dim=\dimen284
\l__box_top_new_dim=\dimen285
\l__box_bottom_new_dim=\dimen286
\l__box_left_new_dim=\dimen287
\l__box_right_new_dim=\dimen288
\l__box_internal_box=\box82
\l__coffin_internal_box=\box83
\l__coffin_internal_dim=\dimen289
\l__coffin_offset_x_dim=\dimen290
\l__coffin_offset_y_dim=\dimen291
\l__coffin_x_dim=\dimen292
\l__coffin_y_dim=\dimen293
\l__coffin_x_prime_dim=\dimen294
\l__coffin_y_prime_dim=\dimen295
\c_empty_coffin=\box84
\l__coffin_aligned_coffin=\box85
\l__coffin_aligned_internal_coffin=\box86
\l_tmpa_coffin=\box87
\l_tmpb_coffin=\box88
\g_tmpa_coffin=\box89
\g_tmpb_coffin=\box90
\l__coffin_bounding_shift_dim=\dimen296
\l__coffin_left_corner_dim=\dimen297
\l__coffin_right_corner_dim=\dimen298
\l__coffin_bottom_corner_dim=\dimen299
\l__coffin_top_corner_dim=\dimen300
\l__coffin_scaled_total_height_dim=\dimen301
\l__coffin_scaled_width_dim=\dimen302
\c__coffin_empty_coffin=\box91
\l__coffin_display_coffin=\box92
\l__coffin_display_coord_coffin=\box93
\l__coffin_display_pole_coffin=\box94
\l__coffin_display_offset_dim=\dimen303
\l__coffin_display_x_dim=\dimen304
\l__coffin_display_y_dim=\dimen305
\g__char_data_ior=\read2

(/usr/local/texlive/2019/texmf-dist/tex/latex/l3kernel/l3deprecation.def
File: l3deprecation.def 2019-04-06 v L3 Deprecated functions
))
(/usr/local/texlive/2019/texmf-dist/tex/latex/l3backend/l3backend-pdfmode.def
File: l3backend-pdfmode.def 2019-04-06 v L3 backend support: PDF mode
\l__kernel_color_stack_int=\count328
\l__pdf_internal_box=\box95
)) (/usr/local/texlive/2019/texmf-dist/tex/latex/l3packages/l3keys2e/l3keys2e.s
ty
Package: l3keys2e 2019-05-28 LaTeX2e option processing using LaTeX3 keys
) (/usr/local/texlive/2019/texmf-dist/tex/latex/base/textcomp.sty
Package: textcomp 2018/08/11 v2.0j Standard LaTeX package
Package textcomp Info: Sub-encoding information:
(textcomp)               5 = only ISO-Adobe without \textcurrency
(textcomp)               4 = 5 + \texteuro
(textcomp)               3 = 4 + \textohm
(textcomp)               2 = 3 + \textestimated + \textcurrency
(textcomp)               1 = TS1 - \textcircled - \t
(textcomp)               0 = TS1 (full)
(textcomp)             Font families with sub-encoding setting implement
(textcomp)             only a restricted character set as indicated.
(textcomp)             Family '?' is the default used for unknown fonts.
(textcomp)             See the documentation for details.
Package textcomp Info: Setting ? sub-encoding to TS1/1 on input line 79.

(/usr/local/texlive/2019/texmf-dist/tex/latex/base/ts1enc.def
File: ts1enc.def 2001/06/05 v3.0e (jk/car/fm) Standard LaTeX file
Now handling font encoding TS1 ...
... processing UTF-8 mapping file for font encoding TS1

(/usr/local/texlive/2019/texmf-dist/tex/latex/base/ts1enc.dfu
File: ts1enc.dfu 2019/07/11 v1.2j UTF-8 support for inputenc
   defining Unicode char U+00A2 (decimal 162)
   defining Unicode char U+00A3 (decimal 163)
   defining Unicode char U+00A4 (decimal 164)
   defining Unicode char U+00A5 (decimal 165)
   defining Unicode char U+00A6 (decimal 166)
   defining Unicode char U+00A7 (decimal 167)
   defining Unicode char U+00A8 (decimal 168)
   defining Unicode char U+00A9 (decimal 169)
   defining Unicode char U+00AA (decimal 170)
   defining Unicode char U+00AC (decimal 172)
   defining Unicode char U+00AE (decimal 174)
   defining Unicode char U+00AF (decimal 175)
   defining Unicode char U+00B0 (decimal 176)
   defining Unicode char U+00B1 (decimal 177)
   defining Unicode char U+00B2 (decimal 178)
   defining Unicode char U+00B3 (decimal 179)
   defining Unicode char U+00B4 (decimal 180)
   defining Unicode char U+00B5 (decimal 181)
   defining Unicode char U+00B6 (decimal 182)
   defining Unicode char U+00B7 (decimal 183)
   defining Unicode char U+00B9 (decimal 185)
   defining Unicode char U+00BA (decimal 186)
   defining Unicode char U+00BC (decimal 188)
   defining Unicode char U+00BD (decimal 189)
   defining Unicode char U+00BE (decimal 190)
   defining Unicode char U+00D7 (decimal 215)
   defining Unicode char U+00F7 (decimal 247)
   defining Unicode char U+0192 (decimal 402)
   defining Unicode char U+02C7 (decimal 711)
   defining Unicode char U+02D8 (decimal 728)
   defining Unicode char U+02DD (decimal 733)
   defining Unicode char U+0E3F (decimal 3647)
   defining Unicode char U+2016 (decimal 8214)
   defining Unicode char U+2020 (decimal 8224)
   defining Unicode char U+2021 (decimal 8225)
   defining Unicode char U+2022 (decimal 8226)
   defining Unicode char U+2030 (decimal 8240)
   defining Unicode char U+2031 (decimal 8241)
   defining Unicode char U+203B (decimal 8251)
   defining Unicode char U+203D (decimal 8253)
   defining Unicode char U+2044 (decimal 8260)
   defining Unicode char U+204E (decimal 8270)
   defining Unicode char U+2052 (decimal 8274)
   defining Unicode char U+20A1 (decimal 8353)
   defining Unicode char U+20A4 (decimal 8356)
   defining Unicode char U+20A6 (decimal 8358)
   defining Unicode char U+20A9 (decimal 8361)
   defining Unicode char U+20AB (decimal 8363)
   defining Unicode char U+20AC (decimal 8364)
   defining Unicode char U+20B1 (decimal 8369)
   defining Unicode char U+2103 (decimal 8451)
   defining Unicode char U+2116 (decimal 8470)
   defining Unicode char U+2117 (decimal 8471)
   defining Unicode char U+211E (decimal 8478)
   defining Unicode char U+2120 (decimal 8480)
   defining Unicode char U+2122 (decimal 8482)
   defining Unicode char U+2126 (decimal 8486)
   defining Unicode char U+2127 (decimal 8487)
   defining Unicode char U+212E (decimal 8494)
   defining Unicode char U+2190 (decimal 8592)
   defining Unicode char U+2191 (decimal 8593)
   defining Unicode char U+2192 (decimal 8594)
   defining Unicode char U+2193 (decimal 8595)
   defining Unicode char U+2329 (decimal 9001)
   defining Unicode char U+232A (decimal 9002)
   defining Unicode char U+2422 (decimal 9250)
   defining Unicode char U+25E6 (decimal 9702)
   defining Unicode char U+25EF (decimal 9711)
   defining Unicode char U+266A (decimal 9834)
   defining Unicode char U+27E8 (decimal 10216)
   defining Unicode char U+27E9 (decimal 10217)
   defining Unicode char U+FEFF (decimal 65279)
))
LaTeX Info: Redefining \oldstylenums on input line 334.
Package textcomp Info: Setting cmr sub-encoding to TS1/0 on input line 349.
Package textcomp Info: Setting cmss sub-encoding to TS1/0 on input line 350.
Package textcomp Info: Setting cmtt sub-encoding to TS1/0 on input line 351.
Package textcomp Info: Setting cmvtt sub-encoding to TS1/0 on input line 352.
Package textcomp Info: Setting cmbr sub-encoding to TS1/0 on input line 353.
Package textcomp Info: Setting cmtl sub-encoding to TS1/0 on input line 354.
Package textcomp Info: Setting ccr sub-encoding to TS1/0 on input line 355.
Package textcomp Info: Setting ptm sub-encoding to TS1/4 on input line 356.
Package textcomp Info: Setting pcr sub-encoding to TS1/4 on input line 357.
Package textcomp Info: Setting phv sub-encoding to TS1/4 on input line 358.
Package textcomp Info: Setting ppl sub-encoding to TS1/3 on input line 359.
Package textcomp Info: Setting pag sub-encoding to TS1/4 on input line 360.
Package textcomp Info: Setting pbk sub-encoding to TS1/4 on input line 361.
Package textcomp Info: Setting pnc sub-encoding to TS1/4 on input line 362.
Package textcomp Info: Setting pzc sub-encoding to TS1/4 on input line 363.
Package textcomp Info: Setting bch sub-encoding to TS1/4 on input line 364.
Package textcomp Info: Setting put sub-encoding to TS1/5 on input line 365.
Package textcomp Info: Setting uag sub-encoding to TS1/5 on input line 366.
Package textcomp Info: Setting ugq sub-encoding to TS1/5 on input line 367.
Package textcomp Info: Setting ul8 sub-encoding to TS1/4 on input line 368.
Package textcomp Info: Setting ul9 sub-encoding to TS1/4 on input line 369.
Package textcomp Info: Setting augie sub-encoding to TS1/5 on input line 370.
Package textcomp Info: Setting dayrom sub-encoding to TS1/3 on input line 371.
Package textcomp Info: Setting dayroms sub-encoding to TS1/3 on input line 372.

Package textcomp Info: Setting pxr sub-encoding to TS1/0 on input line 373.
Package textcomp Info: Setting pxss sub-encoding to TS1/0 on input line 374.
Package textcomp Info: Setting pxtt sub-encoding to TS1/0 on input line 375.
Package textcomp Info: Setting txr sub-encoding to TS1/0 on input line 376.
Package textcomp Info: Setting txss sub-encoding to TS1/0 on input line 377.
Package textcomp Info: Setting txtt sub-encoding to TS1/0 on input line 378.
Package textcomp Info: Setting lmr sub-encoding to TS1/0 on input line 379.
Package textcomp Info: Setting lmdh sub-encoding to TS1/0 on input line 380.
Package textcomp Info: Setting lmss sub-encoding to TS1/0 on input line 381.
Package textcomp Info: Setting lmssq sub-encoding to TS1/0 on input line 382.
Package textcomp Info: Setting lmvtt sub-encoding to TS1/0 on input line 383.
Package textcomp Info: Setting lmtt sub-encoding to TS1/0 on input line 384.
Package textcomp Info: Setting qhv sub-encoding to TS1/0 on input line 385.
Package textcomp Info: Setting qag sub-encoding to TS1/0 on input line 386.
Package textcomp Info: Setting qbk sub-encoding to TS1/0 on input line 387.
Package textcomp Info: Setting qcr sub-encoding to TS1/0 on input line 388.
Package textcomp Info: Setting qcs sub-encoding to TS1/0 on input line 389.
Package textcomp Info: Setting qpl sub-encoding to TS1/0 on input line 390.
Package textcomp Info: Setting qtm sub-encoding to TS1/0 on input line 391.
Package textcomp Info: Setting qzc sub-encoding to TS1/0 on input line 392.
Package textcomp Info: Setting qhvc sub-encoding to TS1/0 on input line 393.
Package textcomp Info: Setting futs sub-encoding to TS1/4 on input line 394.
Package textcomp Info: Setting futx sub-encoding to TS1/4 on input line 395.
Package textcomp Info: Setting futj sub-encoding to TS1/4 on input line 396.
Package textcomp Info: Setting hlh sub-encoding to TS1/3 on input line 397.
Package textcomp Info: Setting hls sub-encoding to TS1/3 on input line 398.
Package textcomp Info: Setting hlst sub-encoding to TS1/3 on input line 399.
Package textcomp Info: Setting hlct sub-encoding to TS1/5 on input line 400.
Package textcomp Info: Setting hlx sub-encoding to TS1/5 on input line 401.
Package textcomp Info: Setting hlce sub-encoding to TS1/5 on input line 402.
Package textcomp Info: Setting hlcn sub-encoding to TS1/5 on input line 403.
Package textcomp Info: Setting hlcw sub-encoding to TS1/5 on input line 404.
Package textcomp Info: Setting hlcf sub-encoding to TS1/5 on input line 405.
Package textcomp Info: Setting pplx sub-encoding to TS1/3 on input line 406.
Package textcomp Info: Setting pplj sub-encoding to TS1/3 on input line 407.
Package textcomp Info: Setting ptmx sub-encoding to TS1/4 on input line 408.
Package textcomp Info: Setting ptmj sub-encoding to TS1/4 on input line 409.
)
(/usr/local/texlive/2019/texmf-dist/tex/latex/l3packages/xparse/xparse.sty
Package: xparse 2019-05-28 L3 Experimental document command parser
\l__xparse_current_arg_int=\count329
\g__xparse_grabber_int=\count330
\l__xparse_m_args_int=\count331
\l__xparse_v_nesting_int=\count332
)
(/usr/local/texlive/2019/texmf-dist/tex/latex/l3packages/xtemplate/xtemplate.st
y
Package: xtemplate 2019-05-28 L3 Experimental prototype document functions
\l__xtemplate_tmp_dim=\dimen306
\l__xtemplate_tmp_int=\count333
\l__xtemplate_tmp_muskip=\muskip18
\l__xtemplate_tmp_skip=\skip90
)
Package: xfrac 2019-05-28 L3 Experimental split-level fractions
\l__xfrac_slash_box=\box96
\l__xfrac_tmp_box=\box97
\l__xfrac_denominator_bot_sep_dim=\dimen307
\l__xfrac_numerator_bot_sep_dim=\dimen308
\l__xfrac_numerator_top_sep_dim=\dimen309
\l__xfrac_slash_left_sep_dim=\dimen310
\l__xfrac_slash_right_sep_dim=\dimen311
\l__xfrac_slash_left_muskip=\muskip19
\l__xfrac_slash_right_muskip=\muskip20

Package xtemplate Info: Declaring object type 'xfrac' taking 3 argument(s) on
(xtemplate)             line 79.

) (/usr/local/texlive/2019/texmf-dist/tex/latex/eqparbox/eqparbox.sty
Package: eqparbox 2017/09/03 v4.1 Create equal-widthed boxes
\eqp@tempdima=\skip91
\eqp@tempdimb=\skip92
\eqp@tabular@box=\box98
\eqp@list@box=\box99
\eqp@list@indent=\skip93

(/usr/local/texlive/2019/texmf-dist/tex/latex/environ/environ.sty
Package: environ 2014/05/04 v0.3 A new way to define environments

(/usr/local/texlive/2019/texmf-dist/tex/latex/trimspaces/trimspaces.sty
Package: trimspaces 2009/09/17 v1.1 Trim spaces around a token list
)))
(/usr/local/texlive/2019/texmf-dist/tex/generic/pgf/frontendlayer/tikz/librarie
s/tikzlibraryarrows.code.tex
File: tikzlibraryarrows.code.tex 2019/08/03 v3.1.4b (3.1.4b)

(/usr/local/texlive/2019/texmf-dist/tex/generic/pgf/libraries/pgflibraryarrows.
code.tex
File: pgflibraryarrows.code.tex 2019/08/03 v3.1.4b (3.1.4b)
\arrowsize=\dimen312
))
(/usr/local/texlive/2019/texmf-dist/tex/generic/pgf/frontendlayer/tikz/librarie
s/tikzlibraryfit.code.tex
File: tikzlibraryfit.code.tex 2019/08/03 v3.1.4b (3.1.4b)
)
(/usr/local/texlive/2019/texmf-dist/tex/generic/pgf/frontendlayer/tikz/librarie
s/tikzlibrarymatrix.code.tex
File: tikzlibrarymatrix.code.tex 2019/08/03 v3.1.4b (3.1.4b)
)
(/usr/local/texlive/2019/texmf-dist/tex/generic/pgf/frontendlayer/tikz/librarie
s/tikzlibrarypositioning.code.tex
File: tikzlibrarypositioning.code.tex 2019/08/03 v3.1.4b (3.1.4b)
)
(/usr/local/texlive/2019/texmf-dist/tex/generic/pgf/frontendlayer/tikz/librarie
s/tikzlibraryshapes.code.tex
File: tikzlibraryshapes.code.tex 2019/08/03 v3.1.4b (3.1.4b)

(/usr/local/texlive/2019/texmf-dist/tex/generic/pgf/frontendlayer/tikz/librarie
s/tikzlibraryshapes.geometric.code.tex
File: tikzlibraryshapes.geometric.code.tex 2019/08/03 v3.1.4b (3.1.4b)

(/usr/local/texlive/2019/texmf-dist/tex/generic/pgf/libraries/shapes/pgflibrary
shapes.geometric.code.tex
File: pgflibraryshapes.geometric.code.tex 2019/08/03 v3.1.4b (3.1.4b)
))
(/usr/local/texlive/2019/texmf-dist/tex/generic/pgf/frontendlayer/tikz/librarie
s/tikzlibraryshapes.misc.code.tex
File: tikzlibraryshapes.misc.code.tex 2019/08/03 v3.1.4b (3.1.4b)

(/usr/local/texlive/2019/texmf-dist/tex/generic/pgf/libraries/shapes/pgflibrary
shapes.misc.code.tex
File: pgflibraryshapes.misc.code.tex 2019/08/03 v3.1.4b (3.1.4b)
))
(/usr/local/texlive/2019/texmf-dist/tex/generic/pgf/frontendlayer/tikz/librarie
s/tikzlibraryshapes.symbols.code.tex
File: tikzlibraryshapes.symbols.code.tex 2019/08/03 v3.1.4b (3.1.4b)

(/usr/local/texlive/2019/texmf-dist/tex/generic/pgf/libraries/shapes/pgflibrary
shapes.symbols.code.tex
File: pgflibraryshapes.symbols.code.tex 2019/08/03 v3.1.4b (3.1.4b)
))
(/usr/local/texlive/2019/texmf-dist/tex/generic/pgf/frontendlayer/tikz/librarie
s/tikzlibraryshapes.arrows.code.tex
File: tikzlibraryshapes.arrows.code.tex 2019/08/03 v3.1.4b (3.1.4b)

(/usr/local/texlive/2019/texmf-dist/tex/generic/pgf/libraries/shapes/pgflibrary
shapes.arrows.code.tex
File: pgflibraryshapes.arrows.code.tex 2019/08/03 v3.1.4b (3.1.4b)
))
(/usr/local/texlive/2019/texmf-dist/tex/generic/pgf/frontendlayer/tikz/librarie
s/tikzlibraryshapes.callouts.code.tex
(/usr/local/texlive/2019/texmf-dist/tex/generic/pgf/libraries/shapes/pgflibrary
shapes.callouts.code.tex))
(/usr/local/texlive/2019/texmf-dist/tex/generic/pgf/frontendlayer/tikz/librarie
s/tikzlibraryshapes.multipart.code.tex
File: tikzlibraryshapes.multipart.code.tex 2019/08/03 v3.1.4b (3.1.4b)

(/usr/local/texlive/2019/texmf-dist/tex/generic/pgf/libraries/shapes/pgflibrary
shapes.multipart.code.tex
File: pgflibraryshapes.multipart.code.tex 2019/08/03 v3.1.4b (3.1.4b)
\pgfnodepartlowerbox=\box100
\pgfnodeparttwobox=\box101
\pgfnodepartthreebox=\box102
\pgfnodepartfourbox=\box103
\pgfnodeparttwentybox=\box104
\pgfnodepartnineteenbox=\box105
\pgfnodeparteighteenbox=\box106
\pgfnodepartseventeenbox=\box107
\pgfnodepartsixteenbox=\box108
\pgfnodepartfifteenbox=\box109
\pgfnodepartfourteenbox=\box110
\pgfnodepartthirteenbox=\box111
\pgfnodeparttwelvebox=\box112
\pgfnodepartelevenbox=\box113
\pgfnodeparttenbox=\box114
\pgfnodepartninebox=\box115
\pgfnodeparteightbox=\box116
\pgfnodepartsevenbox=\box117
\pgfnodepartsixbox=\box118
\pgfnodepartfivebox=\box119
)))
(/usr/local/texlive/2019/texmf-dist/tex/generic/pgf/frontendlayer/tikz/librarie
s/tikzlibrarybackgrounds.code.tex
File: tikzlibrarybackgrounds.code.tex 2019/08/03 v3.1.4b (3.1.4b)
\pgf@layerbox@background=\box120
\pgf@layerboxsaved@background=\box121
)
(/usr/local/texlive/2019/texmf-dist/tex/latex/tikzmark/tikzlibrarytikzmark.code
.tex
\l__sn_x_dim=\dimen313
\l__sn_y_dim=\dimen314
\l__sn_xa_dim=\dimen315
\l__sn_ya_dim=\dimen316
)
\pgf@layerbox@myback=\box122
\pgf@layerboxsaved@myback=\box123
 (/usr/local/texlive/2019/texmf-dist/tex/latex/makecell/makecell.sty
Package: makecell 2009/08/03 V0.1e Managing of Tab Column Heads and Cells
\rotheadsize=\dimen317
\c@nlinenum=\count334
\TeXr@lab=\toks43
)
(/usr/local/texlive/2019/texmf-dist/tex/latex/easy/easytable.sty
Document Style `easytable' v1.0 <2001/06/13>.
(/usr/local/texlive/2019/texmf-dist/tex/latex/easy/easy.sty
Document Style `easy' v1.1 <2001/05/31>.
Package: easy 2001/05/31 v1.1
\@easy@level=\count335
\@easy@ncol=\count336
\@easy@nrow=\count337
\@easy@cnt=\count338
\@easy@boxviii=\box124
\@easy@minxviii=\dimen318
\@easy@minyviii=\dimen319
\@easy@maxxviii=\dimen320
\@easy@maxyviii=\dimen321
\@easy@boxvii=\box125
\@easy@minxvii=\dimen322
\@easy@minyvii=\dimen323
\@easy@maxxvii=\dimen324
\@easy@maxyvii=\dimen325
\@easy@boxvi=\box126
\@easy@minxvi=\dimen326
\@easy@minyvi=\dimen327
\@easy@maxxvi=\dimen328
\@easy@maxyvi=\dimen329
\@easy@boxv=\box127
\@easy@minxv=\dimen330
\@easy@minyv=\dimen331
\@easy@maxxv=\dimen332
\@easy@maxyv=\dimen333
\@easy@boxiv=\box128
\@easy@minxiv=\dimen334
\@easy@minyiv=\dimen335
\@easy@maxxiv=\dimen336
\@easy@maxyiv=\dimen337
\@easy@boxiii=\box129
\@easy@minxiii=\dimen338
\@easy@minyiii=\dimen339
\@easy@maxxiii=\dimen340
\@easy@maxyiii=\dimen341
\@easy@boxii=\box130
\@easy@minxii=\dimen342
\@easy@minyii=\dimen343
\@easy@maxxii=\dimen344
\@easy@maxyii=\dimen345
\@easy@boxi=\box131
\@easy@minxi=\dimen346
\@easy@minyi=\dimen347
\@easy@maxxi=\dimen348
\@easy@maxyi=\dimen349
\@easy@hsizexxx=\dimen350
\@easy@vsizexxx=\dimen351
\@easy@hsizexxix=\dimen352
\@easy@vsizexxix=\dimen353
\@easy@hsizexxviii=\dimen354
\@easy@vsizexxviii=\dimen355
\@easy@hsizexxvii=\dimen356
\@easy@vsizexxvii=\dimen357
\@easy@hsizexxvi=\dimen358
\@easy@vsizexxvi=\dimen359
\@easy@hsizexxv=\dimen360
\@easy@vsizexxv=\dimen361
\@easy@hsizexxiv=\dimen362
\@easy@vsizexxiv=\dimen363
\@easy@hsizexxiii=\dimen364
\@easy@vsizexxiii=\dimen365
\@easy@hsizexxii=\dimen366
\@easy@vsizexxii=\dimen367
\@easy@hsizexxi=\dimen368
\@easy@vsizexxi=\dimen369
\@easy@hsizexx=\dimen370
\@easy@vsizexx=\dimen371
\@easy@hsizexix=\dimen372
\@easy@vsizexix=\dimen373
\@easy@hsizexviii=\dimen374
\@easy@vsizexviii=\dimen375
\@easy@hsizexvii=\dimen376
\@easy@vsizexvii=\dimen377
\@easy@hsizexvi=\dimen378
\@easy@vsizexvi=\dimen379
\@easy@hsizexv=\dimen380
\@easy@vsizexv=\dimen381
\@easy@hsizexiv=\dimen382
\@easy@vsizexiv=\dimen383
\@easy@hsizexiii=\dimen384
\@easy@vsizexiii=\dimen385
\@easy@hsizexii=\dimen386
\@easy@vsizexii=\dimen387
\@easy@hsizexi=\dimen388
\@easy@vsizexi=\dimen389
\@easy@hsizex=\dimen390
\@easy@vsizex=\dimen391
\@easy@hsizeix=\dimen392
\@easy@vsizeix=\dimen393
\@easy@hsizeviii=\dimen394
\@easy@vsizeviii=\dimen395
\@easy@hsizevii=\dimen396
\@easy@vsizevii=\dimen397
\@easy@hsizevi=\dimen398
\@easy@vsizevi=\dimen399
\@easy@hsizev=\dimen400
\@easy@vsizev=\dimen401
\@easy@hsizeiv=\dimen402
\@easy@vsizeiv=\dimen403
\@easy@hsizeiii=\dimen404
\@easy@vsizeiii=\dimen405
\@easy@hsizeii=\dimen406
\@easy@vsizeii=\dimen407
\@easy@hsizei=\dimen408
\@easy@vsizei=\dimen409
\@easy@dash@len=\dimen410
\@easy@dash@sep=\dimen411
)
Package: easytable 2001/05/31v1.1
\@tab@size@rule=\dimen412
\@tab@size@dash=\dimen413
) (/usr/local/texlive/2019/texmf-dist/tex/latex/stackengine/stackengine.sty
Package: stackengine 2017/02/13 v4.01\ Stacking text and objects in convenient 
ways

(/usr/local/texlive/2019/texmf-dist/tex/latex/etoolbox/etoolbox.sty
Package: etoolbox 2019/09/21 v2.5h e-TeX tools for LaTeX (JAW)
\etb@tempcnta=\count339
)
(/usr/local/texlive/2019/texmf-dist/tex/generic/listofitems/listofitems.sty
(/usr/local/texlive/2019/texmf-dist/tex/generic/listofitems/listofitems.tex
\loi_cnt_foreach_nest=\count340
\loi_nestcnt=\count341
)
Package: listofitems 2019/08/21 v1.63 Grab items in lists using user-specified 
sep char (CT)
)
\c@@stackindex=\count342
\@boxshift=\skip94
\stack@tmplength=\skip95
\temp@stkl=\skip96
\@stackedboxwidth=\skip97
\@addedbox=\box132
\@anchorbox=\box133
\stackedbox=\box134
\@centerbox=\box135
\c@ROWcellindex@=\count343
)
(/usr/local/texlive/2019/texmf-dist/tex/latex/adjustbox/adjustbox.sty
Package: adjustbox 2019/01/04 v1.2 Adjusting TeX boxes (trim, clip, ...)

(/usr/local/texlive/2019/texmf-dist/tex/latex/xkeyval/xkeyval.sty
Package: xkeyval 2014/12/03 v2.7a package option processing (HA)

(/usr/local/texlive/2019/texmf-dist/tex/generic/xkeyval/xkeyval.tex
(/usr/local/texlive/2019/texmf-dist/tex/generic/xkeyval/xkvutils.tex
\XKV@toks=\toks44
\XKV@tempa@toks=\toks45
)
\XKV@depth=\count344
File: xkeyval.tex 2014/12/03 v2.7a key=value parser (HA)
))
(/usr/local/texlive/2019/texmf-dist/tex/latex/adjustbox/adjcalc.sty
Package: adjcalc 2012/05/16 v1.1 Provides advanced setlength with multiple back
-ends (calc, etex, pgfmath)
)
(/usr/local/texlive/2019/texmf-dist/tex/latex/adjustbox/trimclip.sty
Package: trimclip 2018/04/08 v1.1 Trim and clip general TeX material

(/usr/local/texlive/2019/texmf-dist/tex/latex/collectbox/collectbox.sty
Package: collectbox 2012/05/17 v0.4b Collect macro arguments as boxes
\collectedbox=\box136
)
\tc@llx=\dimen414
\tc@lly=\dimen415
\tc@urx=\dimen416
\tc@ury=\dimen417
Package trimclip Info: Using driver 'tc-pdftex.def'.

(/usr/local/texlive/2019/texmf-dist/tex/latex/adjustbox/tc-pdftex.def
File: tc-pdftex.def 2019/01/04 v2.2 Clipping driver for pdftex
))
\adjbox@Width=\dimen418
\adjbox@Height=\dimen419
\adjbox@Depth=\dimen420
\adjbox@Totalheight=\dimen421
\adjbox@pwidth=\dimen422
\adjbox@pheight=\dimen423
\adjbox@pdepth=\dimen424
\adjbox@ptotalheight=\dimen425

(/usr/local/texlive/2019/texmf-dist/tex/latex/ifoddpage/ifoddpage.sty
Package: ifoddpage 2016/04/23 v1.1 Conditionals for odd/even page detection
\c@checkoddpage=\count345
)
(/usr/local/texlive/2019/texmf-dist/tex/latex/varwidth/varwidth.sty
Package: varwidth 2009/03/30 ver 0.92;  Variable-width minipages
\@vwid@box=\box137
\sift@deathcycles=\count346
\@vwid@loff=\dimen426
\@vwid@roff=\dimen427
))
(./konfigurasi.tex)

LaTeX Warning: Unused global option(s):
    [bahasa].

(./TA_AFA.aux (./sampul.aux) (./pengesahant.aux) (./orisinalitas.aux)
(./abstrak.aux) (./abstract.aux) (./ucapan.aux) (./pengantar.aux)
(./achievement.aux) (./bab1.aux) (./bab2.aux) (./bab3.aux) (./bab4.aux)
(./bab5.aux) (./pustaka.aux) (./markLampiran.aux) (./appen.aux

LaTeX Warning: Label `table:rate2' multiply defined.


LaTeX Warning: Label `table:rate2' multiply defined.


LaTeX Warning: Label `table:rate2' multiply defined.


LaTeX Warning: Label `table:rate2' multiply defined.


LaTeX Warning: Label `table:rate2' multiply defined.


LaTeX Warning: Label `table:rate2' multiply defined.


LaTeX Warning: Label `table:rate2' multiply defined.


LaTeX Warning: Label `table:rate2' multiply defined.


LaTeX Warning: Label `table:rate2' multiply defined.


LaTeX Warning: Label `table:rate2' multiply defined.

))
\openout1 = `TA_AFA.aux'.

LaTeX Font Info:    Checking defaults for OML/cmm/m/it on input line 72.
LaTeX Font Info:    ... okay on input line 72.
LaTeX Font Info:    Checking defaults for T1/cmr/m/n on input line 72.
LaTeX Font Info:    ... okay on input line 72.
LaTeX Font Info:    Checking defaults for OT1/cmr/m/n on input line 72.
LaTeX Font Info:    ... okay on input line 72.
LaTeX Font Info:    Checking defaults for OMS/pzccm/m/n on input line 72.
LaTeX Font Info:    Trying to load font information for OMS+pzccm on input line
 72.
 (/usr/local/texlive/2019/texmf-dist/tex/latex/psnfss/omspzccm.fd
File: omspzccm.fd 2000/01/03 Fontinst v1.801 font definitions for OMS/pzccm.
)
LaTeX Font Info:    ... okay on input line 72.
LaTeX Font Info:    Checking defaults for OMX/cmex/m/n on input line 72.
LaTeX Font Info:    ... okay on input line 72.
LaTeX Font Info:    Checking defaults for U/cmr/m/n on input line 72.
LaTeX Font Info:    ... okay on input line 72.
LaTeX Font Info:    Checking defaults for PD1/pdf/m/n on input line 72.
LaTeX Font Info:    ... okay on input line 72.
LaTeX Font Info:    Checking defaults for TS1/cmr/m/n on input line 72.
LaTeX Font Info:    Trying to load font information for TS1+cmr on input line 7
2.

(/usr/local/texlive/2019/texmf-dist/tex/latex/base/ts1cmr.fd
File: ts1cmr.fd 2014/09/29 v2.5h Standard LaTeX font definitions
)
LaTeX Font Info:    ... okay on input line 72.
\AtBeginShipoutBox=\box138
Package hyperref Info: Link coloring OFF on input line 72.

(/usr/local/texlive/2019/texmf-dist/tex/latex/hyperref/nameref.sty
Package: nameref 2019/09/16 v2.46 Cross-referencing by name of section

(/usr/local/texlive/2019/texmf-dist/tex/generic/oberdiek/gettitlestring.sty
Package: gettitlestring 2016/05/16 v1.5 Cleanup title references (HO)
)
\c@section@level=\count347
)
LaTeX Info: Redefining \ref on input line 72.
LaTeX Info: Redefining \pageref on input line 72.
LaTeX Info: Redefining \nameref on input line 72.

(./TA_AFA.out) (./TA_AFA.out)
\@outlinefile=\write4
\openout4 = `TA_AFA.out'.


(/usr/local/texlive/2019/texmf-dist/tex/context/base/mkii/supp-pdf.mkii
[Loading MPS to PDF converter (version 2006.09.02).]
\scratchcounter=\count348
\scratchdimen=\dimen428
\scratchbox=\box139
\nofMPsegments=\count349
\nofMParguments=\count350
\everyMPshowfont=\toks46
\MPscratchCnt=\count351
\MPscratchDim=\dimen429
\MPnumerator=\count352
\makeMPintoPDFobject=\count353
\everyMPtoPDFconversion=\toks47
) (/usr/local/texlive/2019/texmf-dist/tex/latex/oberdiek/epstopdf-base.sty
Package: epstopdf-base 2016/05/15 v2.6 Base part for package epstopdf

(/usr/local/texlive/2019/texmf-dist/tex/latex/oberdiek/grfext.sty
Package: grfext 2016/05/16 v1.2 Manage graphics extensions (HO)
)
Package epstopdf-base Info: Redefining graphics rule for `.eps' on input line 4
38.
Package grfext Info: Graphics extension search list:
(grfext)             [.pdf,.png,.jpg,.mps,.jpeg,.jbig2,.jb2,.PDF,.PNG,.JPG,.JPE
G,.JBIG2,.JB2,.eps]
(grfext)             \AppendGraphicsExtensions on input line 456.

(/usr/local/texlive/2019/texmf-dist/tex/latex/latexconfig/epstopdf-sys.cfg
File: epstopdf-sys.cfg 2010/07/13 v1.3 Configuration of (r)epstopdf for TeX Liv
e
))
*geometry* driver: auto-detecting
*geometry* detected driver: pdftex
*geometry* verbose mode - [ preamble ] result:
* driver: pdftex
* paper: a4paper
* layout: <same size as paper>
* layoutoffset:(h,v)=(0.0pt,0.0pt)
* modes: 
* h-part:(L,W,R)=(113.81102pt, 398.3386pt, 85.35826pt)
* v-part:(T,H,B)=(85.35826pt, 674.33032pt, 85.35826pt)
* \paperwidth=597.50787pt
* \paperheight=845.04684pt
* \textwidth=398.3386pt
* \textheight=674.33032pt
* \oddsidemargin=41.54103pt
* \evensidemargin=41.54103pt
* \topmargin=-11.91173pt
* \headheight=0.0pt
* \headsep=25.0pt
* \topskip=12.0pt
* \footskip=30.0pt
* \marginparwidth=35.0pt
* \marginparsep=10.0pt
* \columnsep=10.0pt
* \skip\footins=10.8pt plus 4.0pt minus 2.0pt
* \hoffset=0.0pt
* \voffset=0.0pt
* \mag=1000
* \@twocolumnfalse
* \@twosidefalse
* \@mparswitchfalse
* \@reversemarginfalse
* (1in=72.27pt=25.4mm, 1cm=28.453pt)

Package caption Info: Begin \AtBeginDocument code.
Package caption Info: float package is loaded.
Package caption Info: listings package is loaded.
Package caption Info: subfigure package is loaded.
Package caption Info: End \AtBeginDocument code.
(/usr/local/texlive/2019/texmf-dist/tex/latex/oberdiek/pdflscape.sty
Package: pdflscape 2016/05/14 v0.11 Display of landscape pages in PDF (HO)

(/usr/local/texlive/2019/texmf-dist/tex/latex/graphics/lscape.sty
Package: lscape 2000/10/22 v3.01 Landscape Pages (DPC)
)
Package pdflscape Info: Auto-detected driver: pdftex on input line 81.
)
\c@lstlisting=\count354

ABD: EveryShipout initializing macros
\openout2 = `sampul.aux'.

 (./sampul.tex
LaTeX Font Info:    Font shape `OT1/ptm/bx/n' in size <12> not available
(Font)              Font shape `OT1/ptm/b/n' tried instead on input line 5.
LaTeX Font Info:    Font shape `OT1/ptm/bx/it' in size <12> not available
(Font)              Font shape `OT1/ptm/b/it' tried instead on input line 5.
<pics/tel-u.png, id=262, 853.1875pt x 1138.2525pt>
File: pics/tel-u.png Graphic file (type png)
<use pics/tel-u.png>
Package pdftex.def Info: pics/tel-u.png  used on input line 26.
(pdftex.def)             Requested size: 145.03995pt x 193.50037pt.
 [1


{/usr/local/texlive/2019/texmf-var/fonts/map/pdftex/updmap/pdftex.map} <./pics/
tel-u.png>])
\openout2 = `pengesahant.aux'.


(./pengesahant.tex
LaTeX Font Info:    Font shape `OT1/ptm/bx/n' in size <14.4> not available
(Font)              Font shape `OT1/ptm/b/n' tried instead on input line 1.
LaTeX Font Info:    Trying to load font information for OT1+ptmcm on input line
 33.

(/usr/local/texlive/2019/texmf-dist/tex/latex/psnfss/ot1ptmcm.fd
File: ot1ptmcm.fd 2000/01/03 Fontinst v1.801 font definitions for OT1/ptmcm.
)
LaTeX Font Info:    Trying to load font information for OML+ptmcm on input line
 33.

(/usr/local/texlive/2019/texmf-dist/tex/latex/psnfss/omlptmcm.fd
File: omlptmcm.fd 2000/01/03 Fontinst v1.801 font definitions for OML/ptmcm.
)
LaTeX Font Info:    Trying to load font information for OMX+psycm on input line
 33.

(/usr/local/texlive/2019/texmf-dist/tex/latex/psnfss/omxpsycm.fd
File: omxpsycm.fd 2000/01/03 Fontinst v1.801 font definitions for OMX/psycm.
)
LaTeX Font Info:    Font shape `OT1/ptm/bx/n' in size <9> not available
(Font)              Font shape `OT1/ptm/b/n' tried instead on input line 33.
LaTeX Font Info:    Font shape `OT1/ptm/bx/n' in size <7> not available
(Font)              Font shape `OT1/ptm/b/n' tried instead on input line 33.
LaTeX Font Info:    Trying to load font information for U+msa on input line 33.


(/usr/local/texlive/2019/texmf-dist/tex/latex/amsfonts/umsa.fd
File: umsa.fd 2013/01/14 v3.01 AMS symbols A
)
LaTeX Font Info:    Trying to load font information for U+msb on input line 33.


(/usr/local/texlive/2019/texmf-dist/tex/latex/amsfonts/umsb.fd
File: umsb.fd 2013/01/14 v3.01 AMS symbols B
)
Overfull \hbox (5.0171pt too wide) in paragraph at lines 35--35
 []||   []| 
 []


Overfull \hbox (1.79459pt too wide) in paragraph at lines 33--38
[][] 
 []

) [2



]
\openout2 = `orisinalitas.aux'.

 (./orisinalitas.tex
Overfull \hbox (1.95792pt too wide) in paragraph at lines 19--26
[] 
 []

<pics/IMG0229.jpg, id=278, 2858.68pt x 4288.02pt>
File: pics/IMG0229.jpg Graphic file (type jpg)
<use pics/IMG0229.jpg>
Package pdftex.def Info: pics/IMG0229.jpg  used on input line 41.
(pdftex.def)             Requested size: 100.06401pt x 150.09604pt.

Overfull \vbox (47.52776pt too high) detected at line 41
 []

)
Overfull \hbox (23.21666pt too wide) in paragraph at lines 37--97
[][] 
 []

[3



 <./pics/IMG0229.jpg>]
\openout2 = `abstrak.aux'.

 (./abstrak.tex) [4



]
\openout2 = `abstract.aux'.

 (./abstract.tex)
Underfull \hbox (badness 10000) in paragraph at lines 26--103

 []

[5



]
\openout2 = `ucapan.aux'.

 (./ucapan.tex [6



]) [7]

Package hyperref Warning: Token not allowed in a PDF string (PDFDocEncoding):
(hyperref)                removing `\uppercase' on input line 109.

\openout2 = `pengantar.aux'.

(./pengantar.tex) [8



] (./TA_AFA.toc [9


] [10])
\tf@toc=\write5
\openout5 = `TA_AFA.toc'.

 [11] (./TA_AFA.lof
Underfull \hbox (badness 2318) in paragraph at lines 22--22
 [][] [][]\OT1/ptm/m/n/12 Matriks \OT1/ptm/m/it/12 pa-rity check \OT1/ptm/m/n/1
2 ori-gi-nal DVB-T2 LDPC \OT1/ptm/m/it/12 codes \OT1/ptm/m/n/12 dengan 
 []

[12


])
\tf@lof=\write6
\openout6 = `TA_AFA.lof'.

 [13] (./TA_AFA.lot)
\tf@lot=\write7
\openout7 = `TA_AFA.lot'.

 [14


] [15]
\openout2 = `achievement.aux'.

 (./achievement.tex
LaTeX Font Info:    Font shape `OT1/ptm/bx/it' in size <14.4> not available
(Font)              Font shape `OT1/ptm/b/it' tried instead on input line 1.
) [16



]
\openout2 = `bab1.aux'.

 (./bab1.tex
BAB I.

Package hyperref Warning: Token not allowed in a PDF string (PDFDocEncoding):
(hyperref)                removing `\uppercase' on input line 2.

<pics/standar.png, id=696, 752.0597pt x 414.79968pt>
File: pics/standar.png Graphic file (type png)
<use pics/standar.png>
Package pdftex.def Info: pics/standar.png  used on input line 10.
(pdftex.def)             Requested size: 398.3386pt x 219.70987pt.
LaTeX Font Info:    Font shape `OT1/ptm/bx/n' in size <10> not available
(Font)              Font shape `OT1/ptm/b/n' tried instead on input line 11.

Underfull \hbox (badness 2460) in paragraph at lines 14--15
[]\OT1/ptm/m/n/12 Indonesia telah melakukan mi-grasi dari penyiaran tele-visi (
TV) ana-log
 []


Underfull \hbox (badness 4341) in paragraph at lines 14--15
\OT1/ptm/m/n/12 ke TV dig-i-tal dengan meng-gu-nakan stan-dar \OT1/ptm/m/it/12 
Dig-i-tal Video Broadcasting-
 []


Underfull \hbox (badness 2707) in paragraph at lines 14--15
\OT1/ptm/m/it/12 Terrestrial [] \OT1/ptm/m/n/12 se-jak tahun 2007 [[]1[]]. Saat
 ini, perkem-ban-gan TV
 []


Underfull \hbox (badness 1199) in paragraph at lines 14--15
[] \OT1/ptm/m/n/12 di dunia san-gat pe-sat. Berba-gai ne-gara telah meng-gu-nak
an stan-dar
 []

pdfTeX warning (ext4): destination with the same identifier (name{page.1}) has 
been already used, duplicate ignored
<to be read again> 
                   \relax 
l.17 
      [1



 <./pics/standar.png>] [2] [3]
LaTeX Font Info:    Trying to load font information for TS1+ptm on input line 1
16.

(/usr/local/texlive/2019/texmf-dist/tex/latex/psnfss/ts1ptm.fd
File: ts1ptm.fd 2001/06/04 font definitions for TS1/ptm.
)) [4]
\openout2 = `bab2.aux'.


(./bab2.tex
BAB II.

Package hyperref Warning: Token not allowed in a PDF string (PDFDocEncoding):
(hyperref)                removing `\uppercase' on input line 2.

[5



]
LaTeX Font Info:    Font shape `OT1/ptm/bx/n' in size <7.4> not available
(Font)              Font shape `OT1/ptm/b/n' tried instead on input line 37.
LaTeX Font Info:    Font shape `OT1/ptm/bx/n' in size <6> not available
(Font)              Font shape `OT1/ptm/b/n' tried instead on input line 37.
 [6]
<pics/diagram/ldpc.png, id=745, 393.1488pt x 208.6194pt>
File: pics/diagram/ldpc.png Graphic file (type png)
<use pics/diagram/ldpc.png>
Package pdftex.def Info: pics/diagram/ldpc.png  used on input line 88.
(pdftex.def)             Requested size: 239.00558pt x 126.8247pt.
<pics/diagram/irre.png, id=746, 393.6306pt x 208.6194pt>
File: pics/diagram/irre.png Graphic file (type png)
<use pics/diagram/irre.png>
Package pdftex.def Info: pics/diagram/irre.png  used on input line 95.
(pdftex.def)             Requested size: 239.00558pt x 126.66873pt.
 [7 <./pics/diagram/ldpc.png> <./pics/diagram/irre.png>]
<pics/diagram/ldpc2.png, id=762, 238.0092pt x 459.6372pt>
File: pics/diagram/ldpc2.png Graphic file (type png)
<use pics/diagram/ldpc2.png>
Package pdftex.def Info: pics/diagram/ldpc2.png  used on input line 127.
(pdftex.def)             Requested size: 139.42093pt x 269.25488pt.
<pics/diagram/ldpc3.png, id=763, 221.1462pt x 507.8172pt>
File: pics/diagram/ldpc3.png Graphic file (type png)
<use pics/diagram/ldpc3.png>
Package pdftex.def Info: pics/diagram/ldpc3.png  used on input line 134.
(pdftex.def)             Requested size: 127.47125pt x 292.71324pt.
 [8 <./pics/diagram/ldpc2.png>]
<pics/GirthH2.png, id=774, 657.1752pt x 161.403pt>
File: pics/GirthH2.png Graphic file (type png)
<use pics/GirthH2.png>
Package pdftex.def Info: pics/GirthH2.png  used on input line 142.
(pdftex.def)             Requested size: 394.30817pt x 96.84254pt.
 [9 <./pics/diagram/ldpc3.png> <./pics/GirthH2.png>] [10]
<pics/staircase.png, id=803, 393.6306pt x 172.4844pt>
File: pics/staircase.png Graphic file (type png)
<use pics/staircase.png>
Package pdftex.def Info: pics/staircase.png  used on input line 224.
(pdftex.def)             Requested size: 354.26427pt x 155.23453pt.

[11]
<pics/ira.png, id=817, 203.3196pt x 116.1138pt>
File: pics/ira.png Graphic file (type png)
<use pics/ira.png>
Package pdftex.def Info: pics/ira.png  used on input line 262.
(pdftex.def)             Requested size: 152.48932pt x 87.08513pt.
 [12 <./pics/staircase.png> <./pics/ira.png>] [13]
<pics/awgn1.png, id=845, 304.0158pt x 191.2746pt>
File: pics/awgn1.png Graphic file (type png)
<use pics/awgn1.png>
Package pdftex.def Info: pics/awgn1.png  used on input line 334.
(pdftex.def)             Requested size: 167.2092pt x 105.20134pt.
 [14] [15 <./pics/awgn1.png>]
<pics/fadi.jpg, id=871, 489.5088pt x 358.941pt>
File: pics/fadi.jpg Graphic file (type jpg)
<use pics/fadi.jpg>
Package pdftex.def Info: pics/fadi.jpg  used on input line 378.
(pdftex.def)             Requested size: 342.65382pt x 251.25697pt.
 [16 <./pics/fadi.jpg>]
<pics/PDP.png, id=883, 271.7352pt x 212.4738pt>
File: pics/PDP.png Graphic file (type png)
<use pics/PDP.png>
Package pdftex.def Info: pics/PDP.png  used on input line 399.
(pdftex.def)             Requested size: 230.97598pt x 180.60356pt.
<pics/ofdm.jpg, id=887, 943.525pt x 608.2725pt>
File: pics/ofdm.jpg Graphic file (type jpg)
<use pics/ofdm.jpg>
Package pdftex.def Info: pics/ofdm.jpg  used on input line 421.
(pdftex.def)             Requested size: 398.3386pt x 256.79996pt.
 [17 <./pics/PDP.png>]
<pics/cyclicprefix.png, id=898, 486.618pt x 157.0668pt>
File: pics/cyclicprefix.png Graphic file (type png)
<use pics/cyclicprefix.png>
Package pdftex.def Info: pics/cyclicprefix.png  used on input line 431.
(pdftex.def)             Requested size: 398.3386pt x 128.5775pt.
 [18 <./pics/ofdm.jpg> <./pics/cyclicprefix.png>] [19] [20]
<pics/exit.pdf, id=926, 433.62pt x 404.51125pt>
File: pics/exit.pdf Graphic file (type pdf)
<use pics/exit.pdf>
Package pdftex.def Info: pics/exit.pdf  used on input line 592.
(pdftex.def)             Requested size: 398.3386pt x 371.61786pt.
 [21] [22 <./pics/exit.pdf>]
<pics/uncoded.pdf, id=947, 433.62pt x 404.51125pt>
File: pics/uncoded.pdf Graphic file (type pdf)
<use pics/uncoded.pdf>
Package pdftex.def Info: pics/uncoded.pdf  used on input line 610.
(pdftex.def)             Requested size: 398.3386pt x 371.61786pt.
 [23 <./pics/uncoded.pdf>]) [24]
\openout2 = `bab3.aux'.

 (./bab3.tex
BAB III.

Package hyperref Warning: Token not allowed in a PDF string (PDFDocEncoding):
(hyperref)                removing `\uppercase' on input line 2.

<pics/sistemmo.png, id=966, 968.8998pt x 466.8642pt>
File: pics/sistemmo.png Graphic file (type png)
<use pics/sistemmo.png>
Package pdftex.def Info: pics/sistemmo.png  used on input line 10.
(pdftex.def)             Requested size: 387.55305pt x 186.74237pt.
<pics/diagram/alir.png, id=967, 432.1746pt x 529.98pt>
File: pics/diagram/alir.png Graphic file (type png)
<use pics/diagram/alir.png>
Package pdftex.def Info: pics/diagram/alir.png  used on input line 18.
(pdftex.def)             Requested size: 345.74016pt x 423.98456pt.
[25



] [26 <./pics/sistemmo.png>] [27 <./pics/diagram/alir.png>] [28]
LaTeX Font Info:    Font shape `OT1/ptm/bx/n' in size <10.95> not available
(Font)              Font shape `OT1/ptm/b/n' tried instead on input line 215.
LaTeX Font Info:    Font shape `OT1/ptm/bx/n' in size <8> not available
(Font)              Font shape `OT1/ptm/b/n' tried instead on input line 215.


Package hyperref Warning: Token not allowed in a PDF string (PDFDocEncoding):
(hyperref)                removing `math shift' on input line 215.


Package hyperref Warning: Token not allowed in a PDF string (PDFDocEncoding):
(hyperref)                removing `subscript' on input line 215.


Package hyperref Warning: Token not allowed in a PDF string (PDFDocEncoding):
(hyperref)                removing `math shift' on input line 215.

[29] [30]
Underfull \hbox (badness 1997) in paragraph at lines 252--254
[]\OT1/ptm/m/n/12 Masukkan ni-lai pada Tabel \OT1/ptm/m/it/12 Ad-dresses Pa-rit
y Bit Accu-mu-lator \OT1/ptm/m/n/12 seperti
 []

[31]
<pics/hs(1-2)-2.png, id=1029, 387.94937pt x 221.82875pt>
File: pics/hs(1-2)-2.png Graphic file (type png)
<use pics/hs(1-2)-2.png>
Package pdftex.def Info: pics/hs(1-2)-2.png  used on input line 266.
(pdftex.def)             Requested size: 398.3386pt x 227.77533pt.
<pics/hs1-60(1-2)-2.png, id=1030, 380.92313pt x 223.83624pt>
File: pics/hs1-60(1-2)-2.png Graphic file (type png)
<use pics/hs1-60(1-2)-2.png>
Package pdftex.def Info: pics/hs1-60(1-2)-2.png  used on input line 297.
(pdftex.def)             Requested size: 398.3386pt x 234.07866pt.
 [32 <./pics/hs(1-2)-2.png>] [33 <./pics/hs1-60(1-2)-2.png>] [34] [35]
<pics/withmatlabpeg2.png, id=1066, 742.4538pt x 253.9086pt>
File: pics/withmatlabpeg2.png Graphic file (type png)
<use pics/withmatlabpeg2.png>
Package pdftex.def Info: pics/withmatlabpeg2.png  used on input line 538.
(pdftex.def)             Requested size: 398.3386pt x 136.22525pt.

[36 <./pics/withmatlabpeg2.png>] [37]
<pics/hitunggirth.png, id=1083, 844.1136pt x 404.2302pt>
File: pics/hitunggirth.png Graphic file (type png)
<use pics/hitunggirth.png>
Package pdftex.def Info: pics/hitunggirth.png  used on input line 794.
(pdftex.def)             Requested size: 398.3386pt x 190.75922pt.
) [38 <./pics/hitunggirth.png>]
\openout2 = `bab4.aux'.


(./bab4.tex
BAB IV.

Package hyperref Warning: Token not allowed in a PDF string (PDFDocEncoding):
(hyperref)                removing `\uppercase' on input line 2.

<pics/exit/12/12semua=snr2,25Ich=0,6613.pdf, id=1100, 433.62pt x 404.51125pt>
File: pics/exit/12/12semua=snr2,25Ich=0,6613.pdf Graphic file (type pdf)
<use pics/exit/12/12semua=snr2,25Ich=0,6613.pdf>
Package pdftex.def Info: pics/exit/12/12semua=snr2,25Ich=0,6613.pdf  used on in
put line 25.
(pdftex.def)             Requested size: 338.59023pt x 315.87549pt.
<pics/exit/35/35semua=snr3,75Ich=0,7786.pdf, id=1101, 433.62pt x 404.51125pt>
File: pics/exit/35/35semua=snr3,75Ich=0,7786.pdf Graphic file (type pdf)
<use pics/exit/35/35semua=snr3,75Ich=0,7786.pdf>
Package pdftex.def Info: pics/exit/35/35semua=snr3,75Ich=0,7786.pdf  used on in
put line 33.
(pdftex.def)             Requested size: 338.59023pt x 315.87549pt.
<pics/exit/23/23semua=snr4Ich=0,795.pdf, id=1102, 433.62pt x 404.51125pt>
File: pics/exit/23/23semua=snr4Ich=0,795.pdf Graphic file (type pdf)
<use pics/exit/23/23semua=snr4Ich=0,795.pdf>
Package pdftex.def Info: pics/exit/23/23semua=snr4Ich=0,795.pdf  used on input 
line 48.
(pdftex.def)             Requested size: 398.3386pt x 371.61786pt.
[39



] [40 <./pics/exit/12/12semua=snr2,25Ich=0,6613.pdf> <./pics/exit/35/35semua=sn
r3,75Ich=0,7786.pdf>] [41 <./pics/exit/23/23semua=snr4Ich=0,795.pdf>]
<pics/exit/34/34semua=snr4,25Ich=0,8113.pdf, id=1129, 433.62pt x 404.51125pt>
File: pics/exit/34/34semua=snr4,25Ich=0,8113.pdf Graphic file (type pdf)
<use pics/exit/34/34semua=snr4,25Ich=0,8113.pdf>
Package pdftex.def Info: pics/exit/34/34semua=snr4,25Ich=0,8113.pdf  used on in
put line 70.
(pdftex.def)             Requested size: 398.3386pt x 371.61786pt.
File: pics/exit/34/34semua=snr4,25Ich=0,8113.pdf Graphic file (type pdf)
<use pics/exit/34/34semua=snr4,25Ich=0,8113.pdf>
Package pdftex.def Info: pics/exit/34/34semua=snr4,25Ich=0,8113.pdf  used on in
put line 79.
(pdftex.def)             Requested size: 338.59023pt x 315.87549pt.
<pics/exit/56/56semua=snr5,25Ich=0,8804.pdf, id=1130, 433.62pt x 404.51125pt>
File: pics/exit/56/56semua=snr5,25Ich=0,8804.pdf Graphic file (type pdf)
<use pics/exit/56/56semua=snr5,25Ich=0,8804.pdf>
Package pdftex.def Info: pics/exit/56/56semua=snr5,25Ich=0,8804.pdf  used on in
put line 87.
(pdftex.def)             Requested size: 338.59023pt x 315.87549pt.

[42 <./pics/exit/34/34semua=snr4,25Ich=0,8113.pdf>] [43 <./pics/exit/56/56semua
=snr5,25Ich=0,8804.pdf>]
<hasiloriAWGN.pdf, id=1145, 433.62pt x 404.51125pt>
File: hasiloriAWGN.pdf Graphic file (type pdf)
<use hasiloriAWGN.pdf>
Package pdftex.def Info: hasiloriAWGN.pdf  used on input line 384.
(pdftex.def)             Requested size: 398.3386pt x 371.61786pt.
<hasildsfix.pdf, id=1146, 433.62pt x 404.51125pt>
File: hasildsfix.pdf Graphic file (type pdf)
<use hasildsfix.pdf>
Package pdftex.def Info: hasildsfix.pdf  used on input line 395.
(pdftex.def)             Requested size: 338.59023pt x 315.87549pt.
<hasilpegawgnfix.pdf, id=1147, 433.62pt x 404.51125pt>
File: hasilpegawgnfix.pdf Graphic file (type pdf)
<use hasilpegawgnfix.pdf>
Package pdftex.def Info: hasilpegawgnfix.pdf  used on input line 403.
(pdftex.def)             Requested size: 338.59023pt x 315.87549pt.
 [44 <./hasiloriAWGN.pdf>] [45 <./hasildsfix.pdf> <./hasilpegawgnfix.pdf>]
<hasilpegawgnfixLDGM.pdf, id=1167, 433.62pt x 404.51125pt>
File: hasilpegawgnfixLDGM.pdf Graphic file (type pdf)
<use hasilpegawgnfixLDGM.pdf>
Package pdftex.def Info: hasilpegawgnfixLDGM.pdf  used on input line 423.
(pdftex.def)             Requested size: 398.3386pt x 371.61786pt.
 [46 <./hasilpegawgnfixLDGM.pdf>] [47]
<hasilOFDMaslifix2.pdf, id=1182, 433.62pt x 404.51125pt>
File: hasilOFDMaslifix2.pdf Graphic file (type pdf)
<use hasilOFDMaslifix2.pdf>
Package pdftex.def Info: hasilOFDMaslifix2.pdf  used on input line 735.
(pdftex.def)             Requested size: 398.3386pt x 371.61786pt.
<hasilOFDMdsfix2.pdf, id=1184, 433.62pt x 404.51125pt>
File: hasilOFDMdsfix2.pdf Graphic file (type pdf)
<use hasilOFDMdsfix2.pdf>
Package pdftex.def Info: hasilOFDMdsfix2.pdf  used on input line 745.
(pdftex.def)             Requested size: 398.3386pt x 371.61786pt.
 [48 <./hasilOFDMaslifix2.pdf>]
<hasilOFDMpegfix2.pdf, id=1196, 433.62pt x 404.51125pt>
File: hasilOFDMpegfix2.pdf Graphic file (type pdf)
<use hasilOFDMpegfix2.pdf>
Package pdftex.def Info: hasilOFDMpegfix2.pdf  used on input line 758.
(pdftex.def)             Requested size: 338.59023pt x 315.87549pt.
<hasilOFDMpegfixLDGM2.pdf, id=1197, 433.62pt x 404.51125pt>
File: hasilOFDMpegfixLDGM2.pdf Graphic file (type pdf)
<use hasilOFDMpegfixLDGM2.pdf>
Package pdftex.def Info: hasilOFDMpegfixLDGM2.pdf  used on input line 766.
(pdftex.def)             Requested size: 338.59023pt x 315.87549pt.
 [49 <./hasilOFDMdsfix2.pdf>]
Overfull \vbox (10.76385pt too high) has occurred while \output is active []


[50 <./hasilOFDMpegfix2.pdf> <./hasilOFDMpegfixLDGM2.pdf>]
<pics/girth/girthds4-9.pdf, id=1216, 433.62pt x 144.54pt>
File: pics/girth/girthds4-9.pdf Graphic file (type pdf)
<use pics/girth/girthds4-9.pdf>
Package pdftex.def Info: pics/girth/girthds4-9.pdf  used on input line 864.
(pdftex.def)             Requested size: 216.81pt x 72.2698pt.

Overfull \hbox (9.9621pt too wide) in paragraph at lines 863--866
[]  []
 []

<pics/girth/girthds3-5.pdf, id=1217, 433.62pt x 144.54pt>
File: pics/girth/girthds3-5.pdf Graphic file (type pdf)
<use pics/girth/girthds3-5.pdf>
Package pdftex.def Info: pics/girth/girthds3-5.pdf  used on input line 872.
(pdftex.def)             Requested size: 216.81pt x 72.2698pt.

Overfull \hbox (7.11708pt too wide) in paragraph at lines 871--874
[]  []
 []

<pics/girth/girthds2-3.pdf, id=1218, 433.62pt x 144.54pt>
File: pics/girth/girthds2-3.pdf Graphic file (type pdf)
<use pics/girth/girthds2-3.pdf>
Package pdftex.def Info: pics/girth/girthds2-3.pdf  used on input line 879.
(pdftex.def)             Requested size: 216.81pt x 72.2698pt.

Overfull \hbox (7.11708pt too wide) in paragraph at lines 878--881
[]  []
 []

<pics/girth/girthds3-4.pdf, id=1219, 433.62pt x 144.54pt>
File: pics/girth/girthds3-4.pdf Graphic file (type pdf)
<use pics/girth/girthds3-4.pdf>
Package pdftex.def Info: pics/girth/girthds3-4.pdf  used on input line 887.
(pdftex.def)             Requested size: 216.81pt x 72.2698pt.

Overfull \hbox (7.11708pt too wide) in paragraph at lines 886--889
[]  []
 []

<pics/girth/girthds7-9.pdf, id=1220, 433.62pt x 144.54pt>
File: pics/girth/girthds7-9.pdf Graphic file (type pdf)
<use pics/girth/girthds7-9.pdf>
Package pdftex.def Info: pics/girth/girthds7-9.pdf  used on input line 894.
(pdftex.def)             Requested size: 216.81pt x 72.2698pt.

Overfull \hbox (7.11708pt too wide) in paragraph at lines 893--896
[]  []
 []

<pics/girth/girthds37-45.pdf, id=1221, 433.62pt x 144.54pt>
File: pics/girth/girthds37-45.pdf Graphic file (type pdf)
<use pics/girth/girthds37-45.pdf>
Package pdftex.def Info: pics/girth/girthds37-45.pdf  used on input line 902.
(pdftex.def)             Requested size: 216.81pt x 72.2698pt.

Overfull \hbox (7.11708pt too wide) in paragraph at lines 901--904
[]  []
 []

[51 <./pics/girth/girthds4-9.pdf> <./pics/girth/girthds3-5.pdf> <./pics/girth/g
irthds2-3.pdf> <./pics/girth/girthds3-4.pdf> <./pics/girth/girthds7-9.pdf> <./p
ics/girth/girthds37-45.pdf>]
<pics/girth/girthpeg4-9.pdf, id=1243, 433.62pt x 144.54pt>
File: pics/girth/girthpeg4-9.pdf Graphic file (type pdf)
<use pics/girth/girthpeg4-9.pdf>
Package pdftex.def Info: pics/girth/girthpeg4-9.pdf  used on input line 989.
(pdftex.def)             Requested size: 216.81pt x 72.2698pt.

Overfull \hbox (7.11708pt too wide) in paragraph at lines 988--991
[]  []
 []

<pics/girth/girthpeg3-5.pdf, id=1244, 433.62pt x 144.54pt>
File: pics/girth/girthpeg3-5.pdf Graphic file (type pdf)
<use pics/girth/girthpeg3-5.pdf>
Package pdftex.def Info: pics/girth/girthpeg3-5.pdf  used on input line 997.
(pdftex.def)             Requested size: 216.81pt x 72.2698pt.

Overfull \hbox (7.11708pt too wide) in paragraph at lines 996--999
[]  []
 []

<pics/girth/girthpeg2-3.pdf, id=1245, 433.62pt x 144.54pt>
File: pics/girth/girthpeg2-3.pdf Graphic file (type pdf)
<use pics/girth/girthpeg2-3.pdf>
Package pdftex.def Info: pics/girth/girthpeg2-3.pdf  used on input line 1004.
(pdftex.def)             Requested size: 216.81pt x 72.2698pt.

Overfull \hbox (7.11708pt too wide) in paragraph at lines 1003--1006
[]  []
 []

<pics/girth/girthpeg11-15.pdf, id=1246, 433.62pt x 144.54pt>
File: pics/girth/girthpeg11-15.pdf Graphic file (type pdf)
<use pics/girth/girthpeg11-15.pdf>
Package pdftex.def Info: pics/girth/girthpeg11-15.pdf  used on input line 1012.

(pdftex.def)             Requested size: 216.81pt x 72.2698pt.

Overfull \hbox (7.11708pt too wide) in paragraph at lines 1011--1014
[]  []
 []

<pics/girth/girthpeg7-9.pdf, id=1247, 433.62pt x 144.54pt>
File: pics/girth/girthpeg7-9.pdf Graphic file (type pdf)
<use pics/girth/girthpeg7-9.pdf>
Package pdftex.def Info: pics/girth/girthpeg7-9.pdf  used on input line 1019.
(pdftex.def)             Requested size: 216.81pt x 72.2698pt.

Overfull \hbox (7.11708pt too wide) in paragraph at lines 1018--1021
[]  []
 []

<pics/girth/girthpeg37-45.pdf, id=1248, 433.62pt x 144.54pt>
File: pics/girth/girthpeg37-45.pdf Graphic file (type pdf)
<use pics/girth/girthpeg37-45.pdf>
Package pdftex.def Info: pics/girth/girthpeg37-45.pdf  used on input line 1027.

(pdftex.def)             Requested size: 216.81pt x 72.2698pt.

Overfull \hbox (7.11708pt too wide) in paragraph at lines 1026--1029
[]  []
 []

) [52 <./pics/girth/girthpeg4-9.pdf> <./pics/girth/girthpeg3-5.pdf> <./pics/gir
th/girthpeg2-3.pdf> <./pics/girth/girthpeg11-15.pdf> <./pics/girth/girthpeg7-9.
pdf> <./pics/girth/girthpeg37-45.pdf>]
\openout2 = `bab5.aux'.

 (./bab5.tex
BAB V.

Package hyperref Warning: Token not allowed in a PDF string (PDFDocEncoding):
(hyperref)                removing `\uppercase' on input line 2.

[53



]) [54]
\openout2 = `pustaka.aux'.

 (./pustaka.tex (./TA_AFA.bbl
Underfull \hbox (badness 10000) in paragraph at lines 25--27
[]\OT1/ptm/m/n/12 M. K. dan In-for-matika, ``Per-at-u-ran menteri kom-info nomo
r:
 []

[55



] [56] [57])) [58]
\openout2 = `markLampiran.aux'.

 (./markLampiran.tex [1


])
\openout2 = `appen.aux'.

 (./appen.texpdfTeX warning (ext4): destination with the same identifier (name{
chapter.1}) has been already used, duplicate ignored
<to be read again> 
                   \relax 
l.1 ...PARITY BIT ACCUMULATORS} LDPC CODES DVB-T2}
                                                  
Lampiran A.
pdfTeX warning (ext4): destination with the same identifier (name{page.}) has b
een already used, duplicate ignored
<to be read again> 
                   \relax 
l.7 \clearpage
               [1



]
Overfull \hbox (38.86133pt too wide) in paragraph at lines 43--73
 [][] 
 []


Overfull \hbox (63.26132pt too wide) in paragraph at lines 81--114
 [][] 
 []


Overfull \hbox (14.86133pt too wide) in paragraph at lines 122--158
 [][] 
 []


Overfull \hbox (33.26132pt too wide) in paragraph at lines 213--253
 [][] 
 []

pdfTeX warning (ext4): destination with the same identifier (name{page.}) has b
een already used, duplicate ignored
<to be read again> 
                   \relax 
l.257 \chapter
              {TABEL \textit{ADDRESSES PARITY BIT ACCUMULATORS DOWNSCALED} L...
[2]pdfTeX warning (ext4): destination with the same identifier (name{page.}) ha
s been already used, duplicate ignored
<to be read again> 
                   \relax 
l.257 \chapter
              {TABEL \textit{ADDRESSES PARITY BIT ACCUMULATORS DOWNSCALED} L...
[3]pdfTeX warning (ext4): destination with the same identifier (name{page.}) ha
s been already used, duplicate ignored
<to be read again> 
                   \relax 
l.257 \chapter
              {TABEL \textit{ADDRESSES PARITY BIT ACCUMULATORS DOWNSCALED} L...
[4]pdfTeX warning (ext4): destination with the same identifier (name{page.}) ha
s been already used, duplicate ignored
<to be read again> 
                   \relax 
l.257 \chapter
              {TABEL \textit{ADDRESSES PARITY BIT ACCUMULATORS DOWNSCALED} L...
[5]pdfTeX warning (ext4): destination with the same identifier (name{page.}) ha
s been already used, duplicate ignored
<to be read again> 
                   \relax 
l.257 \chapter
              {TABEL \textit{ADDRESSES PARITY BIT ACCUMULATORS DOWNSCALED} L...
[6]pdfTeX warning (ext4): destination with the same identifier (name{page.}) ha
s been already used, duplicate ignored
<to be read again> 
                   \relax 
l.257 \chapter
              {TABEL \textit{ADDRESSES PARITY BIT ACCUMULATORS DOWNSCALED} L...
[7]pdfTeX warning (ext4): destination with the same identifier (name{chapter.2}
) has been already used, duplicate ignored
<to be read again> 
                   \relax 
l.257 ...S DOWNSCALED} LDPC \textit{CODES} DVB-T2}
                                                  
Lampiran B.
)pdfTeX warning (ext4): destination with the same identifier (name{page.}) has 
been already used, duplicate ignored
<to be read again> 
                   \relax 
l.154 	\include{appen}
                       [8


]pdfTeX warning (ext4): destination with the same identifier (name{page.}) has 
been already used, duplicate ignored
<to be read again> 
                   \relax 
l.154 	\include{appen}
                       [9]pdfTeX warning (ext4): destination with the same iden
tifier (name{page.}) has been already used, duplicate ignored
<to be read again> 
                   \relax 
l.154 	\include{appen}
                       [10]pdfTeX warning (ext4): destination with the same ide
ntifier (name{page.}) has been already used, duplicate ignored
<to be read again> 
                   \relax 
l.154 	\include{appen}
                       [11]pdfTeX warning (ext4): destination with the same ide
ntifier (name{page.}) has been already used, duplicate ignored
<to be read again> 
                   \relax 
l.154 	\include{appen}
                       [12]pdfTeX warning (ext4): destination with the same ide
ntifier (name{page.}) has been already used, duplicate ignored
<to be read again> 
                   \relax 
l.154 	\include{appen}
                       [13]
Package atveryend Info: Empty hook `BeforeClearDocument' on input line 159.
Package atveryend Info: Empty hook `AfterLastShipout' on input line 159.
 (./TA_AFA.aux (./sampul.aux) (./pengesahant.aux)
(./orisinalitas.aux) (./abstrak.aux) (./abstract.aux) (./ucapan.aux)
(./pengantar.aux) (./achievement.aux) (./bab1.aux) (./bab2.aux) (./bab3.aux)
(./bab4.aux) (./bab5.aux) (./pustaka.aux) (./markLampiran.aux) (./appen.aux))
Package atveryend Info: Executing hook `AtVeryEndDocument' on input line 159.
Package atveryend Info: Executing hook `AtEndAfterFileList' on input line 159.
Package rerunfilecheck Info: File `TA_AFA.out' has not changed.
(rerunfilecheck)             Checksum: 1CFA45201F1CEDADAC187D6C928D1E1B;4999.


LaTeX Warning: There were multiply-defined labels.

Package atveryend Info: Empty hook `AtVeryVeryEnd' on input line 159.
 ) 
Here is how much of TeX's memory you used:
 39946 strings out of 492166
 758093 string characters out of 6125377
 964603 words of memory out of 5000000
 43154 multiletter control sequences out of 15000+600000
 599620 words of font info for 157 fonts, out of 8000000 for 9000
 1161 hyphenation exceptions out of 8191
 68i,22n,81p,1516b,908s stack positions out of 5000i,500n,10000p,200000b,80000s
{/usr/local/texlive/2019/texmf-dist/fonts/enc/dvips/base/8r.enc}</usr/local/t
exlive/2019/texmf-dist/fonts/type1/public/amsfonts/cm/cmex10.pfb></usr/local/te
xlive/2019/texmf-dist/fonts/type1/public/amsfonts/cmextra/cmex9.pfb></usr/local
/texlive/2019/texmf-dist/fonts/type1/public/amsfonts/cm/cmmi10.pfb></usr/local/
texlive/2019/texmf-dist/fonts/type1/public/amsfonts/cm/cmr10.pfb></usr/local/te
xlive/2019/texmf-dist/fonts/type1/public/amsfonts/cm/cmsy10.pfb></usr/local/tex
live/2019/texmf-dist/fonts/type1/public/amsfonts/symbols/msam10.pfb></usr/local
/texlive/2019/texmf-dist/fonts/type1/urw/symbol/usyr.pfb></usr/local/texlive/20
19/texmf-dist/fonts/type1/urw/times/utmb8a.pfb></usr/local/texlive/2019/texmf-d
ist/fonts/type1/urw/times/utmbi8a.pfb></usr/local/texlive/2019/texmf-dist/fonts
/type1/urw/times/utmr8a.pfb></usr/local/texlive/2019/texmf-dist/fonts/type1/urw
/times/utmri8a.pfb></usr/local/texlive/2019/texmf-dist/fonts/type1/urw/zapfchan
/uzcmi8a.pfb>
Output written on TA_AFA.pdf (88 pages, 6793299 bytes).
PDF statistics:
 1453 PDF objects out of 1728 (max. 8388607)
 1270 compressed objects within 13 object streams
 328 named destinations out of 1000 (max. 500000)
 773 words of extra memory for PDF output out of 10000 (max. 10000000)

