\BOOKMARK [0][-]{section*.2}{LEMBAR PENGESAHAN}{}% 1
\BOOKMARK [0][-]{section*.3}{LEMBAR PERNYATAAN ORISINALITAS}{}% 2
\BOOKMARK [0][-]{section*.4}{ABSTRAK}{}% 3
\BOOKMARK [0][-]{section*.5}{UCAPAN TERIMA KASIH}{}% 4
\BOOKMARK [0][-]{section*.6}{Kata Pengantar}{}% 5
\BOOKMARK [0][-]{section*.6}{DAFTAR ISI}{}% 6
\BOOKMARK [0][-]{section*.6}{DAFTAR GAMBAR}{}% 7
\BOOKMARK [0][-]{section*.6}{DAFTAR TABEL}{}% 8
\BOOKMARK [0][-]{section*.7}{DAFTAR ACHIEVEMENT}{}% 9
\BOOKMARK [0][-]{chapter.1}{I Pendahuluan}{}% 10
\BOOKMARK [1][-]{section.1.1}{1.1 Latar Belakang Masalah}{chapter.1}% 11
\BOOKMARK [1][-]{section.1.2}{1.2 Rumusan Masalah}{chapter.1}% 12
\BOOKMARK [1][-]{section.1.3}{1.3 Tujuan Penelitian}{chapter.1}% 13
\BOOKMARK [1][-]{section.1.4}{1.4 Batasan Masalah}{chapter.1}% 14
\BOOKMARK [1][-]{section.1.5}{1.5 Metodologi Penelitian}{chapter.1}% 15
\BOOKMARK [1][-]{section.1.6}{1.6 Sistematika Penulisan}{chapter.1}% 16
\BOOKMARK [0][-]{chapter.2}{II Konsep Dasar}{}% 17
\BOOKMARK [1][-]{section.2.1}{2.1 Digital Video Broadcasting \205 Second Generation Terrestrial \(DVB-T2\)}{chapter.2}% 18
\BOOKMARK [1][-]{section.2.2}{2.2 Low Density Parity Check \(LDPC\) Codes}{chapter.2}% 19
\BOOKMARK [2][-]{subsection.2.2.1}{2.2.1 Tanner Graph}{section.2.2}% 20
\BOOKMARK [2][-]{subsection.2.2.2}{2.2.2 Girth}{section.2.2}% 21
\BOOKMARK [2][-]{subsection.2.2.3}{2.2.3 Regular LDPC Codes}{section.2.2}% 22
\BOOKMARK [2][-]{subsection.2.2.4}{2.2.4 Irregular LDPC Codes}{section.2.2}% 23
\BOOKMARK [2][-]{subsection.2.2.5}{2.2.5 LDPC Staircase Codes}{section.2.2}% 24
\BOOKMARK [1][-]{section.2.3}{2.3 Accumulator }{chapter.2}% 25
\BOOKMARK [1][-]{section.2.4}{2.4 Low Density Generator Matrix \(LDGM\)}{chapter.2}% 26
\BOOKMARK [1][-]{section.2.5}{2.5 Algoritma Progressive Edge-Growth \(PEG\)}{chapter.2}% 27
\BOOKMARK [1][-]{section.2.6}{2.6 Modulasi}{chapter.2}% 28
\BOOKMARK [1][-]{section.2.7}{2.7 Pemodelan Kanal}{chapter.2}% 29
\BOOKMARK [2][-]{subsection.2.7.1}{2.7.1 Kanal Additive White Gaussian Noise \(AWGN\)}{section.2.7}% 30
\BOOKMARK [2][-]{subsection.2.7.2}{2.7.2 Frequency Selective Fading Channel}{section.2.7}% 31
\BOOKMARK [1][-]{section.2.8}{2.8 Power Delay Profile \(PDP\)}{chapter.2}% 32
\BOOKMARK [1][-]{section.2.9}{2.9 Orthogonal Frequency Division Multiplexing \(OFDM\) }{chapter.2}% 33
\BOOKMARK [2][-]{subsection.2.9.1}{2.9.1 Cyclic Prefix \(CP\)}{section.2.9}% 34
\BOOKMARK [2][-]{subsection.2.9.2}{2.9.2 Inverse Fast Fourier Transform \(IFFT\) }{section.2.9}% 35
\BOOKMARK [2][-]{subsection.2.9.3}{2.9.3 Fast Fourier Transform \(FFT\)}{section.2.9}% 36
\BOOKMARK [2][-]{subsection.2.9.4}{2.9.4 Matriks Circulant dan Matriks Toeplitz}{section.2.9}% 37
\BOOKMARK [1][-]{section.2.10}{2.10 Signal-to-Noise Power Ratio \(SNR\)}{chapter.2}% 38
\BOOKMARK [1][-]{section.2.11}{2.11 Extrinsic Information Transfer \(EXIT\) Chart }{chapter.2}% 39
\BOOKMARK [1][-]{section.2.12}{2.12 Bit Error Rate \(BER\)}{chapter.2}% 40
\BOOKMARK [0][-]{chapter.3}{III Model Sistem dan Usulan LDPC codes DVB-T2}{}% 41
\BOOKMARK [1][-]{section.3.1}{3.1 Blok Sistem DVB-T2}{chapter.3}% 42
\BOOKMARK [1][-]{section.3.2}{3.2 Skenario Pengujian Kinerja LDPC Codes DVB-T2}{chapter.3}% 43
\BOOKMARK [1][-]{section.3.3}{3.3 Perancangan LDPC Codes DVB-T2}{chapter.3}% 44
\BOOKMARK [1][-]{section.3.4}{3.4 Quadrature Phase Shift Keying \(QPSK\)}{chapter.3}% 45
\BOOKMARK [1][-]{section.3.5}{3.5 Channel Model DVB-T2 Indonesia }{chapter.3}% 46
\BOOKMARK [1][-]{section.3.6}{3.6 Soft Decoding}{chapter.3}% 47
\BOOKMARK [1][-]{section.3.7}{3.7 Usulan LDPC Codes DVB-T2 dengan NLDPC=16200}{chapter.3}% 48
\BOOKMARK [1][-]{section.3.8}{3.8 Usulan LDPC Codes DVB-T2 menggunakan Teknik Downscaling}{chapter.3}% 49
\BOOKMARK [1][-]{section.3.9}{3.9 Usulan Algoritma PEG}{chapter.3}% 50
\BOOKMARK [2][-]{subsection.3.9.1}{3.9.1 Langkah PEG}{section.3.9}% 51
\BOOKMARK [2][-]{subsection.3.9.2}{3.9.2 Usulan LDPC Codes DVB-T2 menggunakan PEG}{section.3.9}% 52
\BOOKMARK [1][-]{section.3.10}{3.10 Usulan Teknik untuk Menghitung Girth LDPC Codes}{chapter.3}% 53
\BOOKMARK [0][-]{chapter.4}{IV Analisis dan Evaluasi Kinerja LDPC Codes DVB-T2}{}% 54
\BOOKMARK [1][-]{section.4.1}{4.1 Analisis EXIT Chart LDPC Codes DVB-T2 pada Kanal AWGN}{chapter.4}% 55
\BOOKMARK [1][-]{section.4.2}{4.2 Analisis Kinerja BER}{chapter.4}% 56
\BOOKMARK [2][-]{subsection.4.2.1}{4.2.1 Kinerja pada Kanal AWGN}{section.4.2}% 57
\BOOKMARK [2][-]{subsection.4.2.2}{4.2.2 Kinerja pada Channel Model DVB-T2 Indonesia}{section.4.2}% 58
\BOOKMARK [1][-]{section.4.3}{4.3 Evaluasi Girth LDPC Codes}{chapter.4}% 59
\BOOKMARK [0][-]{chapter.5}{V Kesimpulan dan Saran}{}% 60
\BOOKMARK [1][-]{section.5.1}{5.1 Kesimpulan}{chapter.5}% 61
\BOOKMARK [1][-]{section.5.2}{5.2 Saran}{chapter.5}% 62
\BOOKMARK [0][-]{section.5.2}{DAFTAR PUSTAKA}{}% 63
\BOOKMARK [0][-]{chapter.1}{A TABEL ADDRESSES PARITY BIT ACCUMULATORS LDPC CODES DVB-T2}{}% 64
\BOOKMARK [0][-]{chapter.2}{B TABEL ADDRESSES PARITY BIT ACCUMULATORS DOWNSCALED LDPC CODES DVB-T2}{}% 65
